This file contains any messages produced by compilers while
running configure, to aid debugging if configure makes a mistake.

It was created by i3lock-color configure 2.10, which was
generated by GNU Autoconf 2.69.  Invocation command line was

  $ .././configure --srcdir=.. --enable-builddir=x86_64-pc-linux-gnu PKG_CONFIG_PATH=/opt/ros/kinetic/lib/pkgconfig:/opt/ros/kinetic/lib/x86_64-linux-gnu/pkgconfig:/usr/local/lib/pkgconfig:/usr/local/lib/pkgconfig

## --------- ##
## Platform. ##
## --------- ##

hostname = xingfang-Precision-Tower-5810
uname -m = x86_64
uname -r = 4.15.0-46-generic
uname -s = Linux
uname -v = #49~16.04.1-Ubuntu SMP Tue Feb 12 17:45:24 UTC 2019

/usr/bin/uname -p = unknown
/bin/uname -X     = unknown

/bin/arch              = unknown
/usr/bin/arch -k       = unknown
/usr/convex/getsysinfo = unknown
/usr/bin/hostinfo      = unknown
/bin/machine           = unknown
/usr/bin/oslevel       = unknown
/bin/universe          = unknown

PATH: /usr/local/cuda-9.0/bin
PATH: /opt/ros/kinetic/share/euslisp/jskeus/eus//Linux64/bin
PATH: /opt/ros/kinetic/bin
PATH: /usr/local/cuda-9.0/bin
PATH: /opt/ros/kinetic/share/euslisp/jskeus/eus//Linux64/bin
PATH: /home/xingfang/bin
PATH: /usr/local/sbin
PATH: /usr/local/bin
PATH: /usr/sbin
PATH: /usr/bin
PATH: /sbin
PATH: /bin
PATH: /usr/games
PATH: /usr/local/games
PATH: /snap/bin
PATH: /usr/lib/jvm/java-8-oracle/bin
PATH: /usr/lib/jvm/java-8-oracle/db/bin
PATH: /usr/lib/jvm/java-8-oracle/jre/bin
PATH: /opt/arcanist/bin/
PATH: /usr/bin/bazel/
PATH: /opt/arcanist/bin/
PATH: /usr/bin/bazel/


## ----------- ##
## Core tests. ##
## ----------- ##

configure:2383: checking build system type
configure:2397: result: x86_64-pc-linux-gnu
configure:2417: checking host system type
configure:2430: result: x86_64-pc-linux-gnu
configure:2450: checking target system type
configure:2463: result: x86_64-pc-linux-gnu
configure:2551: checking for gsed
configure:2582: result: sed
configure:2609: checking for a BSD-compatible install
configure:2677: result: /usr/bin/install -c
configure:2688: checking whether build environment is sane
configure:2743: result: yes
configure:2891: checking for a thread-safe mkdir -p
configure:2930: result: /bin/mkdir -p
configure:2937: checking for gawk
configure:2953: found /usr/bin/gawk
configure:2964: result: gawk
configure:2975: checking whether make sets $(MAKE)
configure:2997: result: yes
configure:3026: checking whether make supports nested variables
configure:3043: result: yes
configure:3181: checking whether make supports nested variables
configure:3198: result: yes
configure:3212: checking whether to enable maintainer-specific portions of Makefiles
configure:3221: result: yes
configure:3248: checking for gawk
configure:3275: result: gawk
configure:3286: checking for GNU make
configure:3302: result: make
configure:3375: checking for a sed that does not truncate output
configure:3439: result: /bin/sed
configure:3457: checking whether to build with code coverage support
configure:3477: result: no
configure:3840: checking whether to enable debugging
configure:3871: result: yes
configure:3944: checking for style of include used by make
configure:3972: result: GNU
configure:4043: checking for gcc
configure:4059: found /usr/bin/gcc
configure:4070: result: gcc
configure:4299: checking for C compiler version
configure:4308: gcc --version >&5
gcc (Ubuntu 5.4.0-6ubuntu1~16.04.11) 5.4.0 20160609
Copyright (C) 2015 Free Software Foundation, Inc.
This is free software; see the source for copying conditions.  There is NO
warranty; not even for MERCHANTABILITY or FITNESS FOR A PARTICULAR PURPOSE.

configure:4319: $? = 0
configure:4308: gcc -v >&5
Using built-in specs.
COLLECT_GCC=gcc
COLLECT_LTO_WRAPPER=/usr/lib/gcc/x86_64-linux-gnu/5/lto-wrapper
Target: x86_64-linux-gnu
Configured with: ../src/configure -v --with-pkgversion='Ubuntu 5.4.0-6ubuntu1~16.04.11' --with-bugurl=file:///usr/share/doc/gcc-5/README.Bugs --enable-languages=c,ada,c++,java,go,d,fortran,objc,obj-c++ --prefix=/usr --program-suffix=-5 --enable-shared --enable-linker-build-id --libexecdir=/usr/lib --without-included-gettext --enable-threads=posix --libdir=/usr/lib --enable-nls --with-sysroot=/ --enable-clocale=gnu --enable-libstdcxx-debug --enable-libstdcxx-time=yes --with-default-libstdcxx-abi=new --enable-gnu-unique-object --disable-vtable-verify --enable-libmpx --enable-plugin --with-system-zlib --disable-browser-plugin --enable-java-awt=gtk --enable-gtk-cairo --with-java-home=/usr/lib/jvm/java-1.5.0-gcj-5-amd64/jre --enable-java-home --with-jvm-root-dir=/usr/lib/jvm/java-1.5.0-gcj-5-amd64 --with-jvm-jar-dir=/usr/lib/jvm-exports/java-1.5.0-gcj-5-amd64 --with-arch-directory=amd64 --with-ecj-jar=/usr/share/java/eclipse-ecj.jar --enable-objc-gc --enable-multiarch --disable-werror --with-arch-32=i686 --with-abi=m64 --with-multilib-list=m32,m64,mx32 --enable-multilib --with-tune=generic --enable-checking=release --build=x86_64-linux-gnu --host=x86_64-linux-gnu --target=x86_64-linux-gnu
Thread model: posix
gcc version 5.4.0 20160609 (Ubuntu 5.4.0-6ubuntu1~16.04.11) 
configure:4319: $? = 0
configure:4308: gcc -V >&5
gcc: error: unrecognized command line option '-V'
gcc: fatal error: no input files
compilation terminated.
configure:4319: $? = 1
configure:4308: gcc -qversion >&5
gcc: error: unrecognized command line option '-qversion'
gcc: fatal error: no input files
compilation terminated.
configure:4319: $? = 1
configure:4339: checking whether the C compiler works
configure:4361: gcc  -g -O0   conftest.c  >&5
configure:4365: $? = 0
configure:4413: result: yes
configure:4416: checking for C compiler default output file name
configure:4418: result: a.out
configure:4424: checking for suffix of executables
configure:4431: gcc -o conftest  -g -O0   conftest.c  >&5
configure:4435: $? = 0
configure:4457: result: 
configure:4479: checking whether we are cross compiling
configure:4487: gcc -o conftest  -g -O0   conftest.c  >&5
configure:4491: $? = 0
configure:4498: ./conftest
configure:4502: $? = 0
configure:4517: result: no
configure:4522: checking for suffix of object files
configure:4544: gcc -c  -g -O0  conftest.c >&5
configure:4548: $? = 0
configure:4569: result: o
configure:4573: checking whether we are using the GNU C compiler
configure:4592: gcc -c  -g -O0  conftest.c >&5
configure:4592: $? = 0
configure:4601: result: yes
configure:4610: checking whether gcc accepts -g
configure:4630: gcc -c -g  conftest.c >&5
configure:4630: $? = 0
configure:4671: result: yes
configure:4688: checking for gcc option to accept ISO C89
configure:4751: gcc  -c  -g -O0  conftest.c >&5
configure:4751: $? = 0
configure:4764: result: none needed
configure:4789: checking whether gcc understands -c and -o together
configure:4811: gcc -c conftest.c -o conftest2.o
configure:4814: $? = 0
configure:4811: gcc -c conftest.c -o conftest2.o
configure:4814: $? = 0
configure:4826: result: yes
configure:4845: checking dependency style of gcc
configure:4956: result: gcc3
configure:4971: checking for gcc option to accept ISO C99
configure:5120: gcc  -c  -g -O0  conftest.c >&5
configure:5120: $? = 0
configure:5133: result: none needed
configure:5156: checking how to run the C preprocessor
configure:5187: gcc -E  conftest.c
configure:5187: $? = 0
configure:5201: gcc -E  conftest.c
conftest.c:12:28: fatal error: ac_nonexistent.h: No such file or directory
compilation terminated.
configure:5201: $? = 1
configure: failed program was:
| /* confdefs.h */
| #define PACKAGE_NAME "i3lock-color"
| #define PACKAGE_TARNAME "i3lock-color"
| #define PACKAGE_VERSION "2.10"
| #define PACKAGE_STRING "i3lock-color 2.10"
| #define PACKAGE_BUGREPORT "https://github.com/chrjguill/i3lock-color/issues"
| #define PACKAGE_URL ""
| #define PACKAGE "i3lock-color"
| #define VERSION "2.10"
| #define I3LOCK_VERSION "2.12.c-41-gb491b9e (2019-05-31, branch \"master\")"
| /* end confdefs.h.  */
| #include <ac_nonexistent.h>
configure:5226: result: gcc -E
configure:5246: gcc -E  conftest.c
configure:5246: $? = 0
configure:5260: gcc -E  conftest.c
conftest.c:12:28: fatal error: ac_nonexistent.h: No such file or directory
compilation terminated.
configure:5260: $? = 1
configure: failed program was:
| /* confdefs.h */
| #define PACKAGE_NAME "i3lock-color"
| #define PACKAGE_TARNAME "i3lock-color"
| #define PACKAGE_VERSION "2.10"
| #define PACKAGE_STRING "i3lock-color 2.10"
| #define PACKAGE_BUGREPORT "https://github.com/chrjguill/i3lock-color/issues"
| #define PACKAGE_URL ""
| #define PACKAGE "i3lock-color"
| #define VERSION "2.10"
| #define I3LOCK_VERSION "2.12.c-41-gb491b9e (2019-05-31, branch \"master\")"
| /* end confdefs.h.  */
| #include <ac_nonexistent.h>
configure:5289: checking for grep that handles long lines and -e
configure:5347: result: /bin/grep
configure:5352: checking for egrep
configure:5414: result: /bin/grep -E
configure:5419: checking for ANSI C header files
configure:5439: gcc -c  -g -O0  conftest.c >&5
configure:5439: $? = 0
configure:5512: gcc -o conftest  -g -O0   conftest.c  >&5
configure:5512: $? = 0
configure:5512: ./conftest
configure:5512: $? = 0
configure:5523: result: yes
configure:5536: checking for sys/types.h
configure:5536: gcc -c  -g -O0  conftest.c >&5
configure:5536: $? = 0
configure:5536: result: yes
configure:5536: checking for sys/stat.h
configure:5536: gcc -c  -g -O0  conftest.c >&5
configure:5536: $? = 0
configure:5536: result: yes
configure:5536: checking for stdlib.h
configure:5536: gcc -c  -g -O0  conftest.c >&5
configure:5536: $? = 0
configure:5536: result: yes
configure:5536: checking for string.h
configure:5536: gcc -c  -g -O0  conftest.c >&5
configure:5536: $? = 0
configure:5536: result: yes
configure:5536: checking for memory.h
configure:5536: gcc -c  -g -O0  conftest.c >&5
configure:5536: $? = 0
configure:5536: result: yes
configure:5536: checking for strings.h
configure:5536: gcc -c  -g -O0  conftest.c >&5
configure:5536: $? = 0
configure:5536: result: yes
configure:5536: checking for inttypes.h
configure:5536: gcc -c  -g -O0  conftest.c >&5
configure:5536: $? = 0
configure:5536: result: yes
configure:5536: checking for stdint.h
configure:5536: gcc -c  -g -O0  conftest.c >&5
configure:5536: $? = 0
configure:5536: result: yes
configure:5536: checking for unistd.h
configure:5536: gcc -c  -g -O0  conftest.c >&5
configure:5536: $? = 0
configure:5536: result: yes
configure:5549: checking minix/config.h usability
configure:5549: gcc -c  -g -O0  conftest.c >&5
conftest.c:55:26: fatal error: minix/config.h: No such file or directory
compilation terminated.
configure:5549: $? = 1
configure: failed program was:
| /* confdefs.h */
| #define PACKAGE_NAME "i3lock-color"
| #define PACKAGE_TARNAME "i3lock-color"
| #define PACKAGE_VERSION "2.10"
| #define PACKAGE_STRING "i3lock-color 2.10"
| #define PACKAGE_BUGREPORT "https://github.com/chrjguill/i3lock-color/issues"
| #define PACKAGE_URL ""
| #define PACKAGE "i3lock-color"
| #define VERSION "2.10"
| #define I3LOCK_VERSION "2.12.c-41-gb491b9e (2019-05-31, branch \"master\")"
| #define STDC_HEADERS 1
| #define HAVE_SYS_TYPES_H 1
| #define HAVE_SYS_STAT_H 1
| #define HAVE_STDLIB_H 1
| #define HAVE_STRING_H 1
| #define HAVE_MEMORY_H 1
| #define HAVE_STRINGS_H 1
| #define HAVE_INTTYPES_H 1
| #define HAVE_STDINT_H 1
| #define HAVE_UNISTD_H 1
| /* end confdefs.h.  */
| #include <stdio.h>
| #ifdef HAVE_SYS_TYPES_H
| # include <sys/types.h>
| #endif
| #ifdef HAVE_SYS_STAT_H
| # include <sys/stat.h>
| #endif
| #ifdef STDC_HEADERS
| # include <stdlib.h>
| # include <stddef.h>
| #else
| # ifdef HAVE_STDLIB_H
| #  include <stdlib.h>
| # endif
| #endif
| #ifdef HAVE_STRING_H
| # if !defined STDC_HEADERS && defined HAVE_MEMORY_H
| #  include <memory.h>
| # endif
| # include <string.h>
| #endif
| #ifdef HAVE_STRINGS_H
| # include <strings.h>
| #endif
| #ifdef HAVE_INTTYPES_H
| # include <inttypes.h>
| #endif
| #ifdef HAVE_STDINT_H
| # include <stdint.h>
| #endif
| #ifdef HAVE_UNISTD_H
| # include <unistd.h>
| #endif
| #include <minix/config.h>
configure:5549: result: no
configure:5549: checking minix/config.h presence
configure:5549: gcc -E  conftest.c
conftest.c:22:26: fatal error: minix/config.h: No such file or directory
compilation terminated.
configure:5549: $? = 1
configure: failed program was:
| /* confdefs.h */
| #define PACKAGE_NAME "i3lock-color"
| #define PACKAGE_TARNAME "i3lock-color"
| #define PACKAGE_VERSION "2.10"
| #define PACKAGE_STRING "i3lock-color 2.10"
| #define PACKAGE_BUGREPORT "https://github.com/chrjguill/i3lock-color/issues"
| #define PACKAGE_URL ""
| #define PACKAGE "i3lock-color"
| #define VERSION "2.10"
| #define I3LOCK_VERSION "2.12.c-41-gb491b9e (2019-05-31, branch \"master\")"
| #define STDC_HEADERS 1
| #define HAVE_SYS_TYPES_H 1
| #define HAVE_SYS_STAT_H 1
| #define HAVE_STDLIB_H 1
| #define HAVE_STRING_H 1
| #define HAVE_MEMORY_H 1
| #define HAVE_STRINGS_H 1
| #define HAVE_INTTYPES_H 1
| #define HAVE_STDINT_H 1
| #define HAVE_UNISTD_H 1
| /* end confdefs.h.  */
| #include <minix/config.h>
configure:5549: result: no
configure:5549: checking for minix/config.h
configure:5549: result: no
configure:5570: checking whether it is safe to define __EXTENSIONS__
configure:5588: gcc -c  -g -O0  conftest.c >&5
configure:5588: $? = 0
configure:5595: result: yes
configure:5611: checking for stdbool.h that conforms to C99
configure:5678: gcc -c  -g -O0  conftest.c >&5
configure:5678: $? = 0
configure:5685: result: yes
configure:5687: checking for _Bool
configure:5687: gcc -c  -g -O0  conftest.c >&5
configure:5687: $? = 0
configure:5687: gcc -c  -g -O0  conftest.c >&5
conftest.c: In function 'main':
conftest.c:63:20: error: expected expression before ')' token
 if (sizeof ((_Bool)))
                    ^
configure:5687: $? = 1
configure: failed program was:
| /* confdefs.h */
| #define PACKAGE_NAME "i3lock-color"
| #define PACKAGE_TARNAME "i3lock-color"
| #define PACKAGE_VERSION "2.10"
| #define PACKAGE_STRING "i3lock-color 2.10"
| #define PACKAGE_BUGREPORT "https://github.com/chrjguill/i3lock-color/issues"
| #define PACKAGE_URL ""
| #define PACKAGE "i3lock-color"
| #define VERSION "2.10"
| #define I3LOCK_VERSION "2.12.c-41-gb491b9e (2019-05-31, branch \"master\")"
| #define STDC_HEADERS 1
| #define HAVE_SYS_TYPES_H 1
| #define HAVE_SYS_STAT_H 1
| #define HAVE_STDLIB_H 1
| #define HAVE_STRING_H 1
| #define HAVE_MEMORY_H 1
| #define HAVE_STRINGS_H 1
| #define HAVE_INTTYPES_H 1
| #define HAVE_STDINT_H 1
| #define HAVE_UNISTD_H 1
| #define __EXTENSIONS__ 1
| #define _ALL_SOURCE 1
| #define _GNU_SOURCE 1
| #define _POSIX_PTHREAD_SEMANTICS 1
| #define _TANDEM_SOURCE 1
| /* end confdefs.h.  */
| #include <stdio.h>
| #ifdef HAVE_SYS_TYPES_H
| # include <sys/types.h>
| #endif
| #ifdef HAVE_SYS_STAT_H
| # include <sys/stat.h>
| #endif
| #ifdef STDC_HEADERS
| # include <stdlib.h>
| # include <stddef.h>
| #else
| # ifdef HAVE_STDLIB_H
| #  include <stdlib.h>
| # endif
| #endif
| #ifdef HAVE_STRING_H
| # if !defined STDC_HEADERS && defined HAVE_MEMORY_H
| #  include <memory.h>
| # endif
| # include <string.h>
| #endif
| #ifdef HAVE_STRINGS_H
| # include <strings.h>
| #endif
| #ifdef HAVE_INTTYPES_H
| # include <inttypes.h>
| #endif
| #ifdef HAVE_STDINT_H
| # include <stdint.h>
| #endif
| #ifdef HAVE_UNISTD_H
| # include <unistd.h>
| #endif
| int
| main ()
| {
| if (sizeof ((_Bool)))
| 	    return 0;
|   ;
|   return 0;
| }
configure:5687: result: yes
configure:5698: checking for mode_t
configure:5698: gcc -c  -g -O0  conftest.c >&5
configure:5698: $? = 0
configure:5698: gcc -c  -g -O0  conftest.c >&5
conftest.c: In function 'main':
conftest.c:64:21: error: expected expression before ')' token
 if (sizeof ((mode_t)))
                     ^
configure:5698: $? = 1
configure: failed program was:
| /* confdefs.h */
| #define PACKAGE_NAME "i3lock-color"
| #define PACKAGE_TARNAME "i3lock-color"
| #define PACKAGE_VERSION "2.10"
| #define PACKAGE_STRING "i3lock-color 2.10"
| #define PACKAGE_BUGREPORT "https://github.com/chrjguill/i3lock-color/issues"
| #define PACKAGE_URL ""
| #define PACKAGE "i3lock-color"
| #define VERSION "2.10"
| #define I3LOCK_VERSION "2.12.c-41-gb491b9e (2019-05-31, branch \"master\")"
| #define STDC_HEADERS 1
| #define HAVE_SYS_TYPES_H 1
| #define HAVE_SYS_STAT_H 1
| #define HAVE_STDLIB_H 1
| #define HAVE_STRING_H 1
| #define HAVE_MEMORY_H 1
| #define HAVE_STRINGS_H 1
| #define HAVE_INTTYPES_H 1
| #define HAVE_STDINT_H 1
| #define HAVE_UNISTD_H 1
| #define __EXTENSIONS__ 1
| #define _ALL_SOURCE 1
| #define _GNU_SOURCE 1
| #define _POSIX_PTHREAD_SEMANTICS 1
| #define _TANDEM_SOURCE 1
| #define HAVE__BOOL 1
| /* end confdefs.h.  */
| #include <stdio.h>
| #ifdef HAVE_SYS_TYPES_H
| # include <sys/types.h>
| #endif
| #ifdef HAVE_SYS_STAT_H
| # include <sys/stat.h>
| #endif
| #ifdef STDC_HEADERS
| # include <stdlib.h>
| # include <stddef.h>
| #else
| # ifdef HAVE_STDLIB_H
| #  include <stdlib.h>
| # endif
| #endif
| #ifdef HAVE_STRING_H
| # if !defined STDC_HEADERS && defined HAVE_MEMORY_H
| #  include <memory.h>
| # endif
| # include <string.h>
| #endif
| #ifdef HAVE_STRINGS_H
| # include <strings.h>
| #endif
| #ifdef HAVE_INTTYPES_H
| # include <inttypes.h>
| #endif
| #ifdef HAVE_STDINT_H
| # include <stdint.h>
| #endif
| #ifdef HAVE_UNISTD_H
| # include <unistd.h>
| #endif
| int
| main ()
| {
| if (sizeof ((mode_t)))
| 	    return 0;
|   ;
|   return 0;
| }
configure:5698: result: yes
configure:5712: checking for off_t
configure:5712: gcc -c  -g -O0  conftest.c >&5
configure:5712: $? = 0
configure:5712: gcc -c  -g -O0  conftest.c >&5
conftest.c: In function 'main':
conftest.c:65:20: error: expected expression before ')' token
 if (sizeof ((off_t)))
                    ^
configure:5712: $? = 1
configure: failed program was:
| /* confdefs.h */
| #define PACKAGE_NAME "i3lock-color"
| #define PACKAGE_TARNAME "i3lock-color"
| #define PACKAGE_VERSION "2.10"
| #define PACKAGE_STRING "i3lock-color 2.10"
| #define PACKAGE_BUGREPORT "https://github.com/chrjguill/i3lock-color/issues"
| #define PACKAGE_URL ""
| #define PACKAGE "i3lock-color"
| #define VERSION "2.10"
| #define I3LOCK_VERSION "2.12.c-41-gb491b9e (2019-05-31, branch \"master\")"
| #define STDC_HEADERS 1
| #define HAVE_SYS_TYPES_H 1
| #define HAVE_SYS_STAT_H 1
| #define HAVE_STDLIB_H 1
| #define HAVE_STRING_H 1
| #define HAVE_MEMORY_H 1
| #define HAVE_STRINGS_H 1
| #define HAVE_INTTYPES_H 1
| #define HAVE_STDINT_H 1
| #define HAVE_UNISTD_H 1
| #define __EXTENSIONS__ 1
| #define _ALL_SOURCE 1
| #define _GNU_SOURCE 1
| #define _POSIX_PTHREAD_SEMANTICS 1
| #define _TANDEM_SOURCE 1
| #define HAVE__BOOL 1
| #define HAVE_MODE_T 1
| /* end confdefs.h.  */
| #include <stdio.h>
| #ifdef HAVE_SYS_TYPES_H
| # include <sys/types.h>
| #endif
| #ifdef HAVE_SYS_STAT_H
| # include <sys/stat.h>
| #endif
| #ifdef STDC_HEADERS
| # include <stdlib.h>
| # include <stddef.h>
| #else
| # ifdef HAVE_STDLIB_H
| #  include <stdlib.h>
| # endif
| #endif
| #ifdef HAVE_STRING_H
| # if !defined STDC_HEADERS && defined HAVE_MEMORY_H
| #  include <memory.h>
| # endif
| # include <string.h>
| #endif
| #ifdef HAVE_STRINGS_H
| # include <strings.h>
| #endif
| #ifdef HAVE_INTTYPES_H
| # include <inttypes.h>
| #endif
| #ifdef HAVE_STDINT_H
| # include <stdint.h>
| #endif
| #ifdef HAVE_UNISTD_H
| # include <unistd.h>
| #endif
| int
| main ()
| {
| if (sizeof ((off_t)))
| 	    return 0;
|   ;
|   return 0;
| }
configure:5712: result: yes
configure:5726: checking for pid_t
configure:5726: gcc -c  -g -O0  conftest.c >&5
configure:5726: $? = 0
configure:5726: gcc -c  -g -O0  conftest.c >&5
conftest.c: In function 'main':
conftest.c:66:20: error: expected expression before ')' token
 if (sizeof ((pid_t)))
                    ^
configure:5726: $? = 1
configure: failed program was:
| /* confdefs.h */
| #define PACKAGE_NAME "i3lock-color"
| #define PACKAGE_TARNAME "i3lock-color"
| #define PACKAGE_VERSION "2.10"
| #define PACKAGE_STRING "i3lock-color 2.10"
| #define PACKAGE_BUGREPORT "https://github.com/chrjguill/i3lock-color/issues"
| #define PACKAGE_URL ""
| #define PACKAGE "i3lock-color"
| #define VERSION "2.10"
| #define I3LOCK_VERSION "2.12.c-41-gb491b9e (2019-05-31, branch \"master\")"
| #define STDC_HEADERS 1
| #define HAVE_SYS_TYPES_H 1
| #define HAVE_SYS_STAT_H 1
| #define HAVE_STDLIB_H 1
| #define HAVE_STRING_H 1
| #define HAVE_MEMORY_H 1
| #define HAVE_STRINGS_H 1
| #define HAVE_INTTYPES_H 1
| #define HAVE_STDINT_H 1
| #define HAVE_UNISTD_H 1
| #define __EXTENSIONS__ 1
| #define _ALL_SOURCE 1
| #define _GNU_SOURCE 1
| #define _POSIX_PTHREAD_SEMANTICS 1
| #define _TANDEM_SOURCE 1
| #define HAVE__BOOL 1
| #define HAVE_MODE_T 1
| #define HAVE_OFF_T 1
| /* end confdefs.h.  */
| #include <stdio.h>
| #ifdef HAVE_SYS_TYPES_H
| # include <sys/types.h>
| #endif
| #ifdef HAVE_SYS_STAT_H
| # include <sys/stat.h>
| #endif
| #ifdef STDC_HEADERS
| # include <stdlib.h>
| # include <stddef.h>
| #else
| # ifdef HAVE_STDLIB_H
| #  include <stdlib.h>
| # endif
| #endif
| #ifdef HAVE_STRING_H
| # if !defined STDC_HEADERS && defined HAVE_MEMORY_H
| #  include <memory.h>
| # endif
| # include <string.h>
| #endif
| #ifdef HAVE_STRINGS_H
| # include <strings.h>
| #endif
| #ifdef HAVE_INTTYPES_H
| # include <inttypes.h>
| #endif
| #ifdef HAVE_STDINT_H
| # include <stdint.h>
| #endif
| #ifdef HAVE_UNISTD_H
| # include <unistd.h>
| #endif
| int
| main ()
| {
| if (sizeof ((pid_t)))
| 	    return 0;
|   ;
|   return 0;
| }
configure:5726: result: yes
configure:5740: checking for size_t
configure:5740: gcc -c  -g -O0  conftest.c >&5
configure:5740: $? = 0
configure:5740: gcc -c  -g -O0  conftest.c >&5
conftest.c: In function 'main':
conftest.c:67:21: error: expected expression before ')' token
 if (sizeof ((size_t)))
                     ^
configure:5740: $? = 1
configure: failed program was:
| /* confdefs.h */
| #define PACKAGE_NAME "i3lock-color"
| #define PACKAGE_TARNAME "i3lock-color"
| #define PACKAGE_VERSION "2.10"
| #define PACKAGE_STRING "i3lock-color 2.10"
| #define PACKAGE_BUGREPORT "https://github.com/chrjguill/i3lock-color/issues"
| #define PACKAGE_URL ""
| #define PACKAGE "i3lock-color"
| #define VERSION "2.10"
| #define I3LOCK_VERSION "2.12.c-41-gb491b9e (2019-05-31, branch \"master\")"
| #define STDC_HEADERS 1
| #define HAVE_SYS_TYPES_H 1
| #define HAVE_SYS_STAT_H 1
| #define HAVE_STDLIB_H 1
| #define HAVE_STRING_H 1
| #define HAVE_MEMORY_H 1
| #define HAVE_STRINGS_H 1
| #define HAVE_INTTYPES_H 1
| #define HAVE_STDINT_H 1
| #define HAVE_UNISTD_H 1
| #define __EXTENSIONS__ 1
| #define _ALL_SOURCE 1
| #define _GNU_SOURCE 1
| #define _POSIX_PTHREAD_SEMANTICS 1
| #define _TANDEM_SOURCE 1
| #define HAVE__BOOL 1
| #define HAVE_MODE_T 1
| #define HAVE_OFF_T 1
| #define HAVE_PID_T 1
| /* end confdefs.h.  */
| #include <stdio.h>
| #ifdef HAVE_SYS_TYPES_H
| # include <sys/types.h>
| #endif
| #ifdef HAVE_SYS_STAT_H
| # include <sys/stat.h>
| #endif
| #ifdef STDC_HEADERS
| # include <stdlib.h>
| # include <stddef.h>
| #else
| # ifdef HAVE_STDLIB_H
| #  include <stdlib.h>
| # endif
| #endif
| #ifdef HAVE_STRING_H
| # if !defined STDC_HEADERS && defined HAVE_MEMORY_H
| #  include <memory.h>
| # endif
| # include <string.h>
| #endif
| #ifdef HAVE_STRINGS_H
| # include <strings.h>
| #endif
| #ifdef HAVE_INTTYPES_H
| # include <inttypes.h>
| #endif
| #ifdef HAVE_STDINT_H
| # include <stdint.h>
| #endif
| #ifdef HAVE_UNISTD_H
| # include <unistd.h>
| #endif
| int
| main ()
| {
| if (sizeof ((size_t)))
| 	    return 0;
|   ;
|   return 0;
| }
configure:5740: result: yes
configure:5754: checking for ssize_t
configure:5754: gcc -c  -g -O0  conftest.c >&5
configure:5754: $? = 0
configure:5754: gcc -c  -g -O0  conftest.c >&5
conftest.c: In function 'main':
conftest.c:68:22: error: expected expression before ')' token
 if (sizeof ((ssize_t)))
                      ^
configure:5754: $? = 1
configure: failed program was:
| /* confdefs.h */
| #define PACKAGE_NAME "i3lock-color"
| #define PACKAGE_TARNAME "i3lock-color"
| #define PACKAGE_VERSION "2.10"
| #define PACKAGE_STRING "i3lock-color 2.10"
| #define PACKAGE_BUGREPORT "https://github.com/chrjguill/i3lock-color/issues"
| #define PACKAGE_URL ""
| #define PACKAGE "i3lock-color"
| #define VERSION "2.10"
| #define I3LOCK_VERSION "2.12.c-41-gb491b9e (2019-05-31, branch \"master\")"
| #define STDC_HEADERS 1
| #define HAVE_SYS_TYPES_H 1
| #define HAVE_SYS_STAT_H 1
| #define HAVE_STDLIB_H 1
| #define HAVE_STRING_H 1
| #define HAVE_MEMORY_H 1
| #define HAVE_STRINGS_H 1
| #define HAVE_INTTYPES_H 1
| #define HAVE_STDINT_H 1
| #define HAVE_UNISTD_H 1
| #define __EXTENSIONS__ 1
| #define _ALL_SOURCE 1
| #define _GNU_SOURCE 1
| #define _POSIX_PTHREAD_SEMANTICS 1
| #define _TANDEM_SOURCE 1
| #define HAVE__BOOL 1
| #define HAVE_MODE_T 1
| #define HAVE_OFF_T 1
| #define HAVE_PID_T 1
| #define HAVE_SIZE_T 1
| /* end confdefs.h.  */
| #include <stdio.h>
| #ifdef HAVE_SYS_TYPES_H
| # include <sys/types.h>
| #endif
| #ifdef HAVE_SYS_STAT_H
| # include <sys/stat.h>
| #endif
| #ifdef STDC_HEADERS
| # include <stdlib.h>
| # include <stddef.h>
| #else
| # ifdef HAVE_STDLIB_H
| #  include <stdlib.h>
| # endif
| #endif
| #ifdef HAVE_STRING_H
| # if !defined STDC_HEADERS && defined HAVE_MEMORY_H
| #  include <memory.h>
| # endif
| # include <string.h>
| #endif
| #ifdef HAVE_STRINGS_H
| # include <strings.h>
| #endif
| #ifdef HAVE_INTTYPES_H
| # include <inttypes.h>
| #endif
| #ifdef HAVE_STDINT_H
| # include <stdint.h>
| #endif
| #ifdef HAVE_UNISTD_H
| # include <unistd.h>
| #endif
| int
| main ()
| {
| if (sizeof ((ssize_t)))
| 	    return 0;
|   ;
|   return 0;
| }
configure:5754: result: yes
configure:5771: checking for pid_t
configure:5771: result: yes
configure:5784: checking vfork.h usability
configure:5784: gcc -c  -g -O0  conftest.c >&5
conftest.c:66:19: fatal error: vfork.h: No such file or directory
compilation terminated.
configure:5784: $? = 1
configure: failed program was:
| /* confdefs.h */
| #define PACKAGE_NAME "i3lock-color"
| #define PACKAGE_TARNAME "i3lock-color"
| #define PACKAGE_VERSION "2.10"
| #define PACKAGE_STRING "i3lock-color 2.10"
| #define PACKAGE_BUGREPORT "https://github.com/chrjguill/i3lock-color/issues"
| #define PACKAGE_URL ""
| #define PACKAGE "i3lock-color"
| #define VERSION "2.10"
| #define I3LOCK_VERSION "2.12.c-41-gb491b9e (2019-05-31, branch \"master\")"
| #define STDC_HEADERS 1
| #define HAVE_SYS_TYPES_H 1
| #define HAVE_SYS_STAT_H 1
| #define HAVE_STDLIB_H 1
| #define HAVE_STRING_H 1
| #define HAVE_MEMORY_H 1
| #define HAVE_STRINGS_H 1
| #define HAVE_INTTYPES_H 1
| #define HAVE_STDINT_H 1
| #define HAVE_UNISTD_H 1
| #define __EXTENSIONS__ 1
| #define _ALL_SOURCE 1
| #define _GNU_SOURCE 1
| #define _POSIX_PTHREAD_SEMANTICS 1
| #define _TANDEM_SOURCE 1
| #define HAVE__BOOL 1
| #define HAVE_MODE_T 1
| #define HAVE_OFF_T 1
| #define HAVE_PID_T 1
| #define HAVE_SIZE_T 1
| #define HAVE_SSIZE_T 1
| /* end confdefs.h.  */
| #include <stdio.h>
| #ifdef HAVE_SYS_TYPES_H
| # include <sys/types.h>
| #endif
| #ifdef HAVE_SYS_STAT_H
| # include <sys/stat.h>
| #endif
| #ifdef STDC_HEADERS
| # include <stdlib.h>
| # include <stddef.h>
| #else
| # ifdef HAVE_STDLIB_H
| #  include <stdlib.h>
| # endif
| #endif
| #ifdef HAVE_STRING_H
| # if !defined STDC_HEADERS && defined HAVE_MEMORY_H
| #  include <memory.h>
| # endif
| # include <string.h>
| #endif
| #ifdef HAVE_STRINGS_H
| # include <strings.h>
| #endif
| #ifdef HAVE_INTTYPES_H
| # include <inttypes.h>
| #endif
| #ifdef HAVE_STDINT_H
| # include <stdint.h>
| #endif
| #ifdef HAVE_UNISTD_H
| # include <unistd.h>
| #endif
| #include <vfork.h>
configure:5784: result: no
configure:5784: checking vfork.h presence
configure:5784: gcc -E  conftest.c
conftest.c:33:19: fatal error: vfork.h: No such file or directory
compilation terminated.
configure:5784: $? = 1
configure: failed program was:
| /* confdefs.h */
| #define PACKAGE_NAME "i3lock-color"
| #define PACKAGE_TARNAME "i3lock-color"
| #define PACKAGE_VERSION "2.10"
| #define PACKAGE_STRING "i3lock-color 2.10"
| #define PACKAGE_BUGREPORT "https://github.com/chrjguill/i3lock-color/issues"
| #define PACKAGE_URL ""
| #define PACKAGE "i3lock-color"
| #define VERSION "2.10"
| #define I3LOCK_VERSION "2.12.c-41-gb491b9e (2019-05-31, branch \"master\")"
| #define STDC_HEADERS 1
| #define HAVE_SYS_TYPES_H 1
| #define HAVE_SYS_STAT_H 1
| #define HAVE_STDLIB_H 1
| #define HAVE_STRING_H 1
| #define HAVE_MEMORY_H 1
| #define HAVE_STRINGS_H 1
| #define HAVE_INTTYPES_H 1
| #define HAVE_STDINT_H 1
| #define HAVE_UNISTD_H 1
| #define __EXTENSIONS__ 1
| #define _ALL_SOURCE 1
| #define _GNU_SOURCE 1
| #define _POSIX_PTHREAD_SEMANTICS 1
| #define _TANDEM_SOURCE 1
| #define HAVE__BOOL 1
| #define HAVE_MODE_T 1
| #define HAVE_OFF_T 1
| #define HAVE_PID_T 1
| #define HAVE_SIZE_T 1
| #define HAVE_SSIZE_T 1
| /* end confdefs.h.  */
| #include <vfork.h>
configure:5784: result: no
configure:5784: checking for vfork.h
configure:5784: result: no
configure:5797: checking for fork
configure:5797: gcc -o conftest  -g -O0   conftest.c  >&5
conftest.c:56:6: warning: conflicting types for built-in function 'fork'
 char fork ();
      ^
configure:5797: $? = 0
configure:5797: result: yes
configure:5797: checking for vfork
configure:5797: gcc -o conftest  -g -O0   conftest.c  >&5
configure:5797: $? = 0
configure:5797: result: yes
configure:5807: checking for working fork
configure:5829: gcc -o conftest  -g -O0   conftest.c  >&5
configure:5829: $? = 0
configure:5829: ./conftest
configure:5829: $? = 0
configure:5839: result: yes
configure:5860: checking for working vfork
configure:5970: result: yes
configure:5995: checking whether lstat correctly handles trailing slash
configure:6021: gcc -o conftest  -g -O0   conftest.c  >&5
configure:6021: $? = 0
configure:6021: ./conftest
configure:6021: $? = 0
configure:6038: result: yes
configure:6057: checking for working strnlen
configure:6095: gcc -o conftest  -g -O0   conftest.c  >&5
configure:6095: $? = 0
configure:6095: ./conftest
configure:6095: $? = 0
configure:6105: result: yes
configure:6117: checking for atexit
configure:6117: gcc -o conftest  -g -O0   conftest.c  >&5
configure:6117: $? = 0
configure:6117: result: yes
configure:6117: checking for dup2
configure:6117: gcc -o conftest  -g -O0   conftest.c  >&5
configure:6117: $? = 0
configure:6117: result: yes
configure:6117: checking for ftruncate
configure:6117: gcc -o conftest  -g -O0   conftest.c  >&5
configure:6117: $? = 0
configure:6117: result: yes
configure:6117: checking for getcwd
configure:6117: gcc -o conftest  -g -O0   conftest.c  >&5
configure:6117: $? = 0
configure:6117: result: yes
configure:6117: checking for gettimeofday
configure:6117: gcc -o conftest  -g -O0   conftest.c  >&5
configure:6117: $? = 0
configure:6117: result: yes
configure:6117: checking for localtime_r
configure:6117: gcc -o conftest  -g -O0   conftest.c  >&5
configure:6117: $? = 0
configure:6117: result: yes
configure:6117: checking for memchr
configure:6117: gcc -o conftest  -g -O0   conftest.c  >&5
conftest.c:67:6: warning: conflicting types for built-in function 'memchr'
 char memchr ();
      ^
configure:6117: $? = 0
configure:6117: result: yes
configure:6117: checking for memset
configure:6117: gcc -o conftest  -g -O0   conftest.c  >&5
conftest.c:68:6: warning: conflicting types for built-in function 'memset'
 char memset ();
      ^
configure:6117: $? = 0
configure:6117: result: yes
configure:6117: checking for mkdir
configure:6117: gcc -o conftest  -g -O0   conftest.c  >&5
configure:6117: $? = 0
configure:6117: result: yes
configure:6117: checking for rmdir
configure:6117: gcc -o conftest  -g -O0   conftest.c  >&5
configure:6117: $? = 0
configure:6117: result: yes
configure:6117: checking for setlocale
configure:6117: gcc -o conftest  -g -O0   conftest.c  >&5
configure:6117: $? = 0
configure:6117: result: yes
configure:6117: checking for socket
configure:6117: gcc -o conftest  -g -O0   conftest.c  >&5
configure:6117: $? = 0
configure:6117: result: yes
configure:6117: checking for strcasecmp
configure:6117: gcc -o conftest  -g -O0   conftest.c  >&5
conftest.c:73:6: warning: conflicting types for built-in function 'strcasecmp'
 char strcasecmp ();
      ^
configure:6117: $? = 0
configure:6117: result: yes
configure:6117: checking for strchr
configure:6117: gcc -o conftest  -g -O0   conftest.c  >&5
conftest.c:74:6: warning: conflicting types for built-in function 'strchr'
 char strchr ();
      ^
configure:6117: $? = 0
configure:6117: result: yes
configure:6117: checking for strdup
configure:6117: gcc -o conftest  -g -O0   conftest.c  >&5
conftest.c:75:6: warning: conflicting types for built-in function 'strdup'
 char strdup ();
      ^
configure:6117: $? = 0
configure:6117: result: yes
configure:6117: checking for strerror
configure:6117: gcc -o conftest  -g -O0   conftest.c  >&5
configure:6117: $? = 0
configure:6117: result: yes
configure:6117: checking for strncasecmp
configure:6117: gcc -o conftest  -g -O0   conftest.c  >&5
conftest.c:77:6: warning: conflicting types for built-in function 'strncasecmp'
 char strncasecmp ();
      ^
configure:6117: $? = 0
configure:6117: result: yes
configure:6117: checking for strndup
configure:6117: gcc -o conftest  -g -O0   conftest.c  >&5
conftest.c:78:6: warning: conflicting types for built-in function 'strndup'
 char strndup ();
      ^
configure:6117: $? = 0
configure:6117: result: yes
configure:6117: checking for strrchr
configure:6117: gcc -o conftest  -g -O0   conftest.c  >&5
conftest.c:79:6: warning: conflicting types for built-in function 'strrchr'
 char strrchr ();
      ^
configure:6117: $? = 0
configure:6117: result: yes
configure:6117: checking for strspn
configure:6117: gcc -o conftest  -g -O0   conftest.c  >&5
conftest.c:80:6: warning: conflicting types for built-in function 'strspn'
 char strspn ();
      ^
configure:6117: $? = 0
configure:6117: result: yes
configure:6117: checking for strstr
configure:6117: gcc -o conftest  -g -O0   conftest.c  >&5
conftest.c:81:6: warning: conflicting types for built-in function 'strstr'
 char strstr ();
      ^
configure:6117: $? = 0
configure:6117: result: yes
configure:6117: checking for strtol
configure:6117: gcc -o conftest  -g -O0   conftest.c  >&5
configure:6117: $? = 0
configure:6117: result: yes
configure:6117: checking for strtoul
configure:6117: gcc -o conftest  -g -O0   conftest.c  >&5
configure:6117: $? = 0
configure:6117: result: yes
configure:6134: checking for library containing floor
configure:6165: gcc -o conftest  -g -O0   conftest.c  >&5
conftest.c:68:6: warning: conflicting types for built-in function 'floor'
 char floor ();
      ^
/tmp/cchq70Co.o: In function `main':
/mnt/6T/bags/i3lock-color/x86_64-pc-linux-gnu/conftest.c:72: undefined reference to `floor'
collect2: error: ld returned 1 exit status
configure:6165: $? = 1
configure: failed program was:
| /* confdefs.h */
| #define PACKAGE_NAME "i3lock-color"
| #define PACKAGE_TARNAME "i3lock-color"
| #define PACKAGE_VERSION "2.10"
| #define PACKAGE_STRING "i3lock-color 2.10"
| #define PACKAGE_BUGREPORT "https://github.com/chrjguill/i3lock-color/issues"
| #define PACKAGE_URL ""
| #define PACKAGE "i3lock-color"
| #define VERSION "2.10"
| #define I3LOCK_VERSION "2.12.c-41-gb491b9e (2019-05-31, branch \"master\")"
| #define STDC_HEADERS 1
| #define HAVE_SYS_TYPES_H 1
| #define HAVE_SYS_STAT_H 1
| #define HAVE_STDLIB_H 1
| #define HAVE_STRING_H 1
| #define HAVE_MEMORY_H 1
| #define HAVE_STRINGS_H 1
| #define HAVE_INTTYPES_H 1
| #define HAVE_STDINT_H 1
| #define HAVE_UNISTD_H 1
| #define __EXTENSIONS__ 1
| #define _ALL_SOURCE 1
| #define _GNU_SOURCE 1
| #define _POSIX_PTHREAD_SEMANTICS 1
| #define _TANDEM_SOURCE 1
| #define HAVE__BOOL 1
| #define HAVE_MODE_T 1
| #define HAVE_OFF_T 1
| #define HAVE_PID_T 1
| #define HAVE_SIZE_T 1
| #define HAVE_SSIZE_T 1
| #define HAVE_FORK 1
| #define HAVE_VFORK 1
| #define HAVE_WORKING_VFORK 1
| #define HAVE_WORKING_FORK 1
| #define LSTAT_FOLLOWS_SLASHED_SYMLINK 1
| #define HAVE_ATEXIT 1
| #define HAVE_DUP2 1
| #define HAVE_FTRUNCATE 1
| #define HAVE_GETCWD 1
| #define HAVE_GETTIMEOFDAY 1
| #define HAVE_LOCALTIME_R 1
| #define HAVE_MEMCHR 1
| #define HAVE_MEMSET 1
| #define HAVE_MKDIR 1
| #define HAVE_RMDIR 1
| #define HAVE_SETLOCALE 1
| #define HAVE_SOCKET 1
| #define HAVE_STRCASECMP 1
| #define HAVE_STRCHR 1
| #define HAVE_STRDUP 1
| #define HAVE_STRERROR 1
| #define HAVE_STRNCASECMP 1
| #define HAVE_STRNDUP 1
| #define HAVE_STRRCHR 1
| #define HAVE_STRSPN 1
| #define HAVE_STRSTR 1
| #define HAVE_STRTOL 1
| #define HAVE_STRTOUL 1
| /* end confdefs.h.  */
| 
| /* Override any GCC internal prototype to avoid an error.
|    Use char because int might match the return type of a GCC
|    builtin and then its argument prototype would still apply.  */
| #ifdef __cplusplus
| extern "C"
| #endif
| char floor ();
| int
| main ()
| {
| return floor ();
|   ;
|   return 0;
| }
configure:6165: gcc -o conftest  -g -O0   conftest.c -lm   >&5
conftest.c:68:6: warning: conflicting types for built-in function 'floor'
 char floor ();
      ^
configure:6165: $? = 0
configure:6182: result: -lm
configure:6197: checking for library containing ev_run
configure:6228: gcc -o conftest  -g -O0   conftest.c -lm  >&5
/tmp/ccKdknqz.o: In function `main':
/mnt/6T/bags/i3lock-color/x86_64-pc-linux-gnu/conftest.c:72: undefined reference to `ev_run'
collect2: error: ld returned 1 exit status
configure:6228: $? = 1
configure: failed program was:
| /* confdefs.h */
| #define PACKAGE_NAME "i3lock-color"
| #define PACKAGE_TARNAME "i3lock-color"
| #define PACKAGE_VERSION "2.10"
| #define PACKAGE_STRING "i3lock-color 2.10"
| #define PACKAGE_BUGREPORT "https://github.com/chrjguill/i3lock-color/issues"
| #define PACKAGE_URL ""
| #define PACKAGE "i3lock-color"
| #define VERSION "2.10"
| #define I3LOCK_VERSION "2.12.c-41-gb491b9e (2019-05-31, branch \"master\")"
| #define STDC_HEADERS 1
| #define HAVE_SYS_TYPES_H 1
| #define HAVE_SYS_STAT_H 1
| #define HAVE_STDLIB_H 1
| #define HAVE_STRING_H 1
| #define HAVE_MEMORY_H 1
| #define HAVE_STRINGS_H 1
| #define HAVE_INTTYPES_H 1
| #define HAVE_STDINT_H 1
| #define HAVE_UNISTD_H 1
| #define __EXTENSIONS__ 1
| #define _ALL_SOURCE 1
| #define _GNU_SOURCE 1
| #define _POSIX_PTHREAD_SEMANTICS 1
| #define _TANDEM_SOURCE 1
| #define HAVE__BOOL 1
| #define HAVE_MODE_T 1
| #define HAVE_OFF_T 1
| #define HAVE_PID_T 1
| #define HAVE_SIZE_T 1
| #define HAVE_SSIZE_T 1
| #define HAVE_FORK 1
| #define HAVE_VFORK 1
| #define HAVE_WORKING_VFORK 1
| #define HAVE_WORKING_FORK 1
| #define LSTAT_FOLLOWS_SLASHED_SYMLINK 1
| #define HAVE_ATEXIT 1
| #define HAVE_DUP2 1
| #define HAVE_FTRUNCATE 1
| #define HAVE_GETCWD 1
| #define HAVE_GETTIMEOFDAY 1
| #define HAVE_LOCALTIME_R 1
| #define HAVE_MEMCHR 1
| #define HAVE_MEMSET 1
| #define HAVE_MKDIR 1
| #define HAVE_RMDIR 1
| #define HAVE_SETLOCALE 1
| #define HAVE_SOCKET 1
| #define HAVE_STRCASECMP 1
| #define HAVE_STRCHR 1
| #define HAVE_STRDUP 1
| #define HAVE_STRERROR 1
| #define HAVE_STRNCASECMP 1
| #define HAVE_STRNDUP 1
| #define HAVE_STRRCHR 1
| #define HAVE_STRSPN 1
| #define HAVE_STRSTR 1
| #define HAVE_STRTOL 1
| #define HAVE_STRTOUL 1
| /* end confdefs.h.  */
| 
| /* Override any GCC internal prototype to avoid an error.
|    Use char because int might match the return type of a GCC
|    builtin and then its argument prototype would still apply.  */
| #ifdef __cplusplus
| extern "C"
| #endif
| char ev_run ();
| int
| main ()
| {
| return ev_run ();
|   ;
|   return 0;
| }
configure:6228: gcc -o conftest  -g -O0   conftest.c -lev  -lm  >&5
configure:6228: $? = 0
configure:6245: result: -lev
configure:6259: checking for library containing shm_open
configure:6290: gcc -o conftest  -g -O0   conftest.c -lev -lm  >&5
/tmp/ccj7KVeD.o: In function `main':
/mnt/6T/bags/i3lock-color/x86_64-pc-linux-gnu/conftest.c:72: undefined reference to `shm_open'
collect2: error: ld returned 1 exit status
configure:6290: $? = 1
configure: failed program was:
| /* confdefs.h */
| #define PACKAGE_NAME "i3lock-color"
| #define PACKAGE_TARNAME "i3lock-color"
| #define PACKAGE_VERSION "2.10"
| #define PACKAGE_STRING "i3lock-color 2.10"
| #define PACKAGE_BUGREPORT "https://github.com/chrjguill/i3lock-color/issues"
| #define PACKAGE_URL ""
| #define PACKAGE "i3lock-color"
| #define VERSION "2.10"
| #define I3LOCK_VERSION "2.12.c-41-gb491b9e (2019-05-31, branch \"master\")"
| #define STDC_HEADERS 1
| #define HAVE_SYS_TYPES_H 1
| #define HAVE_SYS_STAT_H 1
| #define HAVE_STDLIB_H 1
| #define HAVE_STRING_H 1
| #define HAVE_MEMORY_H 1
| #define HAVE_STRINGS_H 1
| #define HAVE_INTTYPES_H 1
| #define HAVE_STDINT_H 1
| #define HAVE_UNISTD_H 1
| #define __EXTENSIONS__ 1
| #define _ALL_SOURCE 1
| #define _GNU_SOURCE 1
| #define _POSIX_PTHREAD_SEMANTICS 1
| #define _TANDEM_SOURCE 1
| #define HAVE__BOOL 1
| #define HAVE_MODE_T 1
| #define HAVE_OFF_T 1
| #define HAVE_PID_T 1
| #define HAVE_SIZE_T 1
| #define HAVE_SSIZE_T 1
| #define HAVE_FORK 1
| #define HAVE_VFORK 1
| #define HAVE_WORKING_VFORK 1
| #define HAVE_WORKING_FORK 1
| #define LSTAT_FOLLOWS_SLASHED_SYMLINK 1
| #define HAVE_ATEXIT 1
| #define HAVE_DUP2 1
| #define HAVE_FTRUNCATE 1
| #define HAVE_GETCWD 1
| #define HAVE_GETTIMEOFDAY 1
| #define HAVE_LOCALTIME_R 1
| #define HAVE_MEMCHR 1
| #define HAVE_MEMSET 1
| #define HAVE_MKDIR 1
| #define HAVE_RMDIR 1
| #define HAVE_SETLOCALE 1
| #define HAVE_SOCKET 1
| #define HAVE_STRCASECMP 1
| #define HAVE_STRCHR 1
| #define HAVE_STRDUP 1
| #define HAVE_STRERROR 1
| #define HAVE_STRNCASECMP 1
| #define HAVE_STRNDUP 1
| #define HAVE_STRRCHR 1
| #define HAVE_STRSPN 1
| #define HAVE_STRSTR 1
| #define HAVE_STRTOL 1
| #define HAVE_STRTOUL 1
| /* end confdefs.h.  */
| 
| /* Override any GCC internal prototype to avoid an error.
|    Use char because int might match the return type of a GCC
|    builtin and then its argument prototype would still apply.  */
| #ifdef __cplusplus
| extern "C"
| #endif
| char shm_open ();
| int
| main ()
| {
| return shm_open ();
|   ;
|   return 0;
| }
configure:6290: gcc -o conftest  -g -O0   conftest.c -lrt  -lev -lm  >&5
configure:6290: $? = 0
configure:6307: result: -lrt
configure:6322: checking for library containing pam_authenticate
configure:6353: gcc -o conftest  -g -O0   conftest.c -lrt -lev -lm  >&5
/tmp/ccaWji8D.o: In function `main':
/mnt/6T/bags/i3lock-color/x86_64-pc-linux-gnu/conftest.c:72: undefined reference to `pam_authenticate'
collect2: error: ld returned 1 exit status
configure:6353: $? = 1
configure: failed program was:
| /* confdefs.h */
| #define PACKAGE_NAME "i3lock-color"
| #define PACKAGE_TARNAME "i3lock-color"
| #define PACKAGE_VERSION "2.10"
| #define PACKAGE_STRING "i3lock-color 2.10"
| #define PACKAGE_BUGREPORT "https://github.com/chrjguill/i3lock-color/issues"
| #define PACKAGE_URL ""
| #define PACKAGE "i3lock-color"
| #define VERSION "2.10"
| #define I3LOCK_VERSION "2.12.c-41-gb491b9e (2019-05-31, branch \"master\")"
| #define STDC_HEADERS 1
| #define HAVE_SYS_TYPES_H 1
| #define HAVE_SYS_STAT_H 1
| #define HAVE_STDLIB_H 1
| #define HAVE_STRING_H 1
| #define HAVE_MEMORY_H 1
| #define HAVE_STRINGS_H 1
| #define HAVE_INTTYPES_H 1
| #define HAVE_STDINT_H 1
| #define HAVE_UNISTD_H 1
| #define __EXTENSIONS__ 1
| #define _ALL_SOURCE 1
| #define _GNU_SOURCE 1
| #define _POSIX_PTHREAD_SEMANTICS 1
| #define _TANDEM_SOURCE 1
| #define HAVE__BOOL 1
| #define HAVE_MODE_T 1
| #define HAVE_OFF_T 1
| #define HAVE_PID_T 1
| #define HAVE_SIZE_T 1
| #define HAVE_SSIZE_T 1
| #define HAVE_FORK 1
| #define HAVE_VFORK 1
| #define HAVE_WORKING_VFORK 1
| #define HAVE_WORKING_FORK 1
| #define LSTAT_FOLLOWS_SLASHED_SYMLINK 1
| #define HAVE_ATEXIT 1
| #define HAVE_DUP2 1
| #define HAVE_FTRUNCATE 1
| #define HAVE_GETCWD 1
| #define HAVE_GETTIMEOFDAY 1
| #define HAVE_LOCALTIME_R 1
| #define HAVE_MEMCHR 1
| #define HAVE_MEMSET 1
| #define HAVE_MKDIR 1
| #define HAVE_RMDIR 1
| #define HAVE_SETLOCALE 1
| #define HAVE_SOCKET 1
| #define HAVE_STRCASECMP 1
| #define HAVE_STRCHR 1
| #define HAVE_STRDUP 1
| #define HAVE_STRERROR 1
| #define HAVE_STRNCASECMP 1
| #define HAVE_STRNDUP 1
| #define HAVE_STRRCHR 1
| #define HAVE_STRSPN 1
| #define HAVE_STRSTR 1
| #define HAVE_STRTOL 1
| #define HAVE_STRTOUL 1
| /* end confdefs.h.  */
| 
| /* Override any GCC internal prototype to avoid an error.
|    Use char because int might match the return type of a GCC
|    builtin and then its argument prototype would still apply.  */
| #ifdef __cplusplus
| extern "C"
| #endif
| char pam_authenticate ();
| int
| main ()
| {
| return pam_authenticate ();
|   ;
|   return 0;
| }
configure:6353: gcc -o conftest  -g -O0   conftest.c -lpam  -lrt -lev -lm  >&5
configure:6353: $? = 0
configure:6370: result: -lpam
configure:6381: checking for library containing iconv_open
configure:6412: gcc -o conftest  -g -O0   conftest.c -lpam -lrt -lev -lm  >&5
configure:6412: $? = 0
configure:6429: result: none required
configure:6497: checking for pkg-config
configure:6515: found /usr/bin/pkg-config
configure:6527: result: /usr/bin/pkg-config
configure:6552: checking pkg-config is at least version 0.9.0
configure:6555: result: yes
configure:6565: checking for XCB
configure:6572: $PKG_CONFIG --exists --print-errors "xcb xcb-xkb xcb-xinerama xcb-randr xcb-composite"
configure:6575: $? = 0
configure:6589: $PKG_CONFIG --exists --print-errors "xcb xcb-xkb xcb-xinerama xcb-randr xcb-composite"
configure:6592: $? = 0
configure:6650: result: yes
configure:6656: checking for XCB_IMAGE
configure:6663: $PKG_CONFIG --exists --print-errors "xcb-image"
configure:6666: $? = 0
configure:6680: $PKG_CONFIG --exists --print-errors "xcb-image"
configure:6683: $? = 0
configure:6741: result: yes
configure:6747: checking for XCB_UTIL
configure:6754: $PKG_CONFIG --exists --print-errors "xcb-event xcb-util xcb-atom"
configure:6757: $? = 0
configure:6771: $PKG_CONFIG --exists --print-errors "xcb-event xcb-util xcb-atom"
configure:6774: $? = 0
configure:6832: result: yes
configure:6838: checking for XCB_UTIL_XRM
configure:6845: $PKG_CONFIG --exists --print-errors "xcb-xrm"
configure:6848: $? = 0
configure:6862: $PKG_CONFIG --exists --print-errors "xcb-xrm"
configure:6865: $? = 0
configure:6923: result: yes
configure:6929: checking for XKBCOMMON
configure:6936: $PKG_CONFIG --exists --print-errors "xkbcommon xkbcommon-x11"
configure:6939: $? = 0
configure:6953: $PKG_CONFIG --exists --print-errors "xkbcommon xkbcommon-x11"
configure:6956: $? = 0
configure:7014: result: yes
configure:7020: checking for CAIRO
configure:7027: $PKG_CONFIG --exists --print-errors "cairo"
configure:7030: $? = 0
configure:7044: $PKG_CONFIG --exists --print-errors "cairo"
configure:7047: $? = 0
configure:7105: result: yes
configure:7111: checking for JPEG
configure:7118: $PKG_CONFIG --exists --print-errors "libjpeg"
configure:7121: $? = 0
configure:7135: $PKG_CONFIG --exists --print-errors "libjpeg"
configure:7138: $? = 0
configure:7196: result: yes
configure:7202: checking for FONTCONFIG
configure:7209: $PKG_CONFIG --exists --print-errors "fontconfig"
configure:7212: $? = 0
configure:7226: $PKG_CONFIG --exists --print-errors "fontconfig"
configure:7229: $? = 0
configure:7287: result: yes
configure:7298: checking for gawk
configure:7325: result: gawk
configure:7341: checking how to run the C preprocessor
configure:7411: result: gcc -E
configure:7431: gcc -E  conftest.c
configure:7431: $? = 0
configure:7445: gcc -E  conftest.c
conftest.c:61:28: fatal error: ac_nonexistent.h: No such file or directory
compilation terminated.
configure:7445: $? = 1
configure: failed program was:
| /* confdefs.h */
| #define PACKAGE_NAME "i3lock-color"
| #define PACKAGE_TARNAME "i3lock-color"
| #define PACKAGE_VERSION "2.10"
| #define PACKAGE_STRING "i3lock-color 2.10"
| #define PACKAGE_BUGREPORT "https://github.com/chrjguill/i3lock-color/issues"
| #define PACKAGE_URL ""
| #define PACKAGE "i3lock-color"
| #define VERSION "2.10"
| #define I3LOCK_VERSION "2.12.c-41-gb491b9e (2019-05-31, branch \"master\")"
| #define STDC_HEADERS 1
| #define HAVE_SYS_TYPES_H 1
| #define HAVE_SYS_STAT_H 1
| #define HAVE_STDLIB_H 1
| #define HAVE_STRING_H 1
| #define HAVE_MEMORY_H 1
| #define HAVE_STRINGS_H 1
| #define HAVE_INTTYPES_H 1
| #define HAVE_STDINT_H 1
| #define HAVE_UNISTD_H 1
| #define __EXTENSIONS__ 1
| #define _ALL_SOURCE 1
| #define _GNU_SOURCE 1
| #define _POSIX_PTHREAD_SEMANTICS 1
| #define _TANDEM_SOURCE 1
| #define HAVE__BOOL 1
| #define HAVE_MODE_T 1
| #define HAVE_OFF_T 1
| #define HAVE_PID_T 1
| #define HAVE_SIZE_T 1
| #define HAVE_SSIZE_T 1
| #define HAVE_FORK 1
| #define HAVE_VFORK 1
| #define HAVE_WORKING_VFORK 1
| #define HAVE_WORKING_FORK 1
| #define LSTAT_FOLLOWS_SLASHED_SYMLINK 1
| #define HAVE_ATEXIT 1
| #define HAVE_DUP2 1
| #define HAVE_FTRUNCATE 1
| #define HAVE_GETCWD 1
| #define HAVE_GETTIMEOFDAY 1
| #define HAVE_LOCALTIME_R 1
| #define HAVE_MEMCHR 1
| #define HAVE_MEMSET 1
| #define HAVE_MKDIR 1
| #define HAVE_RMDIR 1
| #define HAVE_SETLOCALE 1
| #define HAVE_SOCKET 1
| #define HAVE_STRCASECMP 1
| #define HAVE_STRCHR 1
| #define HAVE_STRDUP 1
| #define HAVE_STRERROR 1
| #define HAVE_STRNCASECMP 1
| #define HAVE_STRNDUP 1
| #define HAVE_STRRCHR 1
| #define HAVE_STRSPN 1
| #define HAVE_STRSTR 1
| #define HAVE_STRTOL 1
| #define HAVE_STRTOUL 1
| /* end confdefs.h.  */
| #include <ac_nonexistent.h>
configure:7474: checking whether make sets $(MAKE)
configure:7496: result: yes
configure:7548: checking for ranlib
configure:7564: found /usr/bin/ranlib
configure:7575: result: ranlib
configure:7597: checking whether ln -s works
configure:7601: result: yes
configure:7658: checking for ar
configure:7674: found /usr/bin/ar
configure:7685: result: ar
configure:7711: checking the archiver (ar) interface
configure:7727: gcc -c  -g -O0  conftest.c >&5
configure:7727: $? = 0
configure:7729: ar cru libconftest.a conftest.o >&5
ar: `u' modifier ignored since `D' is the default (see `U')
configure:7732: $? = 0
configure:7760: result: ar
configure:7781: checking CFLAGS for maximum warnings
configure:7801: gcc -c  -g -O0 -warn all  -warn all  conftest.c >&5
gcc: error: all: No such file or directory
gcc: error: all: No such file or directory
gcc: error: unrecognized command line option '-warn'
gcc: error: unrecognized command line option '-warn'
configure:7801: $? = 1
configure: failed program was:
| /* confdefs.h */
| #define PACKAGE_NAME "i3lock-color"
| #define PACKAGE_TARNAME "i3lock-color"
| #define PACKAGE_VERSION "2.10"
| #define PACKAGE_STRING "i3lock-color 2.10"
| #define PACKAGE_BUGREPORT "https://github.com/chrjguill/i3lock-color/issues"
| #define PACKAGE_URL ""
| #define PACKAGE "i3lock-color"
| #define VERSION "2.10"
| #define I3LOCK_VERSION "2.12.c-41-gb491b9e (2019-05-31, branch \"master\")"
| #define STDC_HEADERS 1
| #define HAVE_SYS_TYPES_H 1
| #define HAVE_SYS_STAT_H 1
| #define HAVE_STDLIB_H 1
| #define HAVE_STRING_H 1
| #define HAVE_MEMORY_H 1
| #define HAVE_STRINGS_H 1
| #define HAVE_INTTYPES_H 1
| #define HAVE_STDINT_H 1
| #define HAVE_UNISTD_H 1
| #define __EXTENSIONS__ 1
| #define _ALL_SOURCE 1
| #define _GNU_SOURCE 1
| #define _POSIX_PTHREAD_SEMANTICS 1
| #define _TANDEM_SOURCE 1
| #define HAVE__BOOL 1
| #define HAVE_MODE_T 1
| #define HAVE_OFF_T 1
| #define HAVE_PID_T 1
| #define HAVE_SIZE_T 1
| #define HAVE_SSIZE_T 1
| #define HAVE_FORK 1
| #define HAVE_VFORK 1
| #define HAVE_WORKING_VFORK 1
| #define HAVE_WORKING_FORK 1
| #define LSTAT_FOLLOWS_SLASHED_SYMLINK 1
| #define HAVE_ATEXIT 1
| #define HAVE_DUP2 1
| #define HAVE_FTRUNCATE 1
| #define HAVE_GETCWD 1
| #define HAVE_GETTIMEOFDAY 1
| #define HAVE_LOCALTIME_R 1
| #define HAVE_MEMCHR 1
| #define HAVE_MEMSET 1
| #define HAVE_MKDIR 1
| #define HAVE_RMDIR 1
| #define HAVE_SETLOCALE 1
| #define HAVE_SOCKET 1
| #define HAVE_STRCASECMP 1
| #define HAVE_STRCHR 1
| #define HAVE_STRDUP 1
| #define HAVE_STRERROR 1
| #define HAVE_STRNCASECMP 1
| #define HAVE_STRNDUP 1
| #define HAVE_STRRCHR 1
| #define HAVE_STRSPN 1
| #define HAVE_STRSTR 1
| #define HAVE_STRTOL 1
| #define HAVE_STRTOUL 1
| /* end confdefs.h.  */
| 
| int
| main ()
| {
| 
|   ;
|   return 0;
| }
configure:7801: gcc -c  -g -O0 -pedantic  -Wall  conftest.c >&5
configure:7801: $? = 0
configure:7809: result: -Wall
configure:7829: : CFLAGS="$CFLAGS"
configure:7832: $? = 0
configure:7874: : AM_CFLAGS="$AM_CFLAGS"
configure:7877: $? = 0
configure:7895: : AM_CFLAGS="$AM_CFLAGS"
configure:7898: $? = 0
configure:7927: : AM_CFLAGS="$AM_CFLAGS"
configure:7930: $? = 0
configure:7946: checking whether C compiler accepts -Wunused-value
configure:7965: gcc -c  -g -O0 -Wall  -Wunused-value  conftest.c >&5
configure:7965: $? = 0
configure:7973: result: yes
configure:7989: : AM_CFLAGS="$AM_CFLAGS"
configure:7992: $? = 0
configure:8018: checking fcntl.h usability
configure:8018: gcc -c  -g -O0 -Wall  conftest.c >&5
configure:8018: $? = 0
configure:8018: result: yes
configure:8018: checking fcntl.h presence
configure:8018: gcc -E  conftest.c
configure:8018: $? = 0
configure:8018: result: yes
configure:8018: checking for fcntl.h
configure:8018: result: yes
configure:8018: checking float.h usability
configure:8018: gcc -c  -g -O0 -Wall  conftest.c >&5
configure:8018: $? = 0
configure:8018: result: yes
configure:8018: checking float.h presence
configure:8018: gcc -E  conftest.c
configure:8018: $? = 0
configure:8018: result: yes
configure:8018: checking for float.h
configure:8018: result: yes
configure:8018: checking for inttypes.h
configure:8018: result: yes
configure:8018: checking limits.h usability
configure:8018: gcc -c  -g -O0 -Wall  conftest.c >&5
configure:8018: $? = 0
configure:8018: result: yes
configure:8018: checking limits.h presence
configure:8018: gcc -E  conftest.c
configure:8018: $? = 0
configure:8018: result: yes
configure:8018: checking for limits.h
configure:8018: result: yes
configure:8018: checking locale.h usability
configure:8018: gcc -c  -g -O0 -Wall  conftest.c >&5
configure:8018: $? = 0
configure:8018: result: yes
configure:8018: checking locale.h presence
configure:8018: gcc -E  conftest.c
configure:8018: $? = 0
configure:8018: result: yes
configure:8018: checking for locale.h
configure:8018: result: yes
configure:8018: checking netinet/in.h usability
configure:8018: gcc -c  -g -O0 -Wall  conftest.c >&5
configure:8018: $? = 0
configure:8018: result: yes
configure:8018: checking netinet/in.h presence
configure:8018: gcc -E  conftest.c
configure:8018: $? = 0
configure:8018: result: yes
configure:8018: checking for netinet/in.h
configure:8018: result: yes
configure:8018: checking paths.h usability
configure:8018: gcc -c  -g -O0 -Wall  conftest.c >&5
configure:8018: $? = 0
configure:8018: result: yes
configure:8018: checking paths.h presence
configure:8018: gcc -E  conftest.c
configure:8018: $? = 0
configure:8018: result: yes
configure:8018: checking for paths.h
configure:8018: result: yes
configure:8018: checking stddef.h usability
configure:8018: gcc -c  -g -O0 -Wall  conftest.c >&5
configure:8018: $? = 0
configure:8018: result: yes
configure:8018: checking stddef.h presence
configure:8018: gcc -E  conftest.c
configure:8018: $? = 0
configure:8018: result: yes
configure:8018: checking for stddef.h
configure:8018: result: yes
configure:8018: checking for stdint.h
configure:8018: result: yes
configure:8018: checking for stdlib.h
configure:8018: result: yes
configure:8018: checking for string.h
configure:8018: result: yes
configure:8018: checking sys/param.h usability
configure:8018: gcc -c  -g -O0 -Wall  conftest.c >&5
configure:8018: $? = 0
configure:8018: result: yes
configure:8018: checking sys/param.h presence
configure:8018: gcc -E  conftest.c
configure:8018: $? = 0
configure:8018: result: yes
configure:8018: checking for sys/param.h
configure:8018: result: yes
configure:8018: checking sys/socket.h usability
configure:8018: gcc -c  -g -O0 -Wall  conftest.c >&5
configure:8018: $? = 0
configure:8018: result: yes
configure:8018: checking sys/socket.h presence
configure:8018: gcc -E  conftest.c
configure:8018: $? = 0
configure:8018: result: yes
configure:8018: checking for sys/socket.h
configure:8018: result: yes
configure:8018: checking sys/time.h usability
configure:8018: gcc -c  -g -O0 -Wall  conftest.c >&5
configure:8018: $? = 0
configure:8018: result: yes
configure:8018: checking sys/time.h presence
configure:8018: gcc -E  conftest.c
configure:8018: $? = 0
configure:8018: result: yes
configure:8018: checking for sys/time.h
configure:8018: result: yes
configure:8018: checking for unistd.h
configure:8018: result: yes
configure:8083: checking whether C compiler accepts -fsanitize=address
configure:8102: gcc -c  -g -O0 -Wall  -fsanitize=address  conftest.c >&5
configure:8102: $? = 0
configure:8110: result: yes
configure:8114: checking whether the linker accepts -fsanitize=address
configure:8133: gcc -o conftest  -g -O0 -Wall    -fsanitize=address conftest.c -lpam -lrt -lev -lm  >&5
configure:8133: $? = 0
configure:8142: result: yes
configure:8159: : CFLAGS="$CFLAGS"
configure:8162: $? = 0
configure:8191: : LDFLAGS="$LDFLAGS"
configure:8194: $? = 0
configure:8212: checking whether C compiler accepts -fno-omit-frame-pointer
configure:8231: gcc -c  -g -O0 -Wall -fsanitize=address  -fno-omit-frame-pointer  conftest.c >&5
configure:8231: $? = 0
configure:8239: result: yes
configure:8256: : CFLAGS="$CFLAGS"
configure:8259: $? = 0
configure:8880: checking that generated files are newer than configure
configure:8886: result: done
configure:8917: creating ./config.status

## ---------------------- ##
## Running config.status. ##
## ---------------------- ##

This file was extended by i3lock-color config.status 2.10, which was
generated by GNU Autoconf 2.69.  Invocation command line was

  CONFIG_FILES    = 
  CONFIG_HEADERS  = 
  CONFIG_LINKS    = 
  CONFIG_COMMANDS = 
  $ ./config.status 

on xingfang-Precision-Tower-5810

config.status:1095: creating Makefile
config.status:1095: creating config.h
config.status:1309: executing buildir commands
config.status:1339: create top_srcdir/Makefile guessed from local Makefile
config.status:1454: build in x86_64-pc-linux-gnu (HOST=)
config.status:1309: executing depfiles commands

## ---------------- ##
## Cache variables. ##
## ---------------- ##

_cv_gnu_make_command=make
ac_cv_build=x86_64-pc-linux-gnu
ac_cv_c_compiler_gnu=yes
ac_cv_cflags_warn_all=-Wall
ac_cv_env_CAIRO_CFLAGS_set=
ac_cv_env_CAIRO_CFLAGS_value=
ac_cv_env_CAIRO_LIBS_set=
ac_cv_env_CAIRO_LIBS_value=
ac_cv_env_CC_set=
ac_cv_env_CC_value=
ac_cv_env_CFLAGS_set=
ac_cv_env_CFLAGS_value=
ac_cv_env_CPPFLAGS_set=
ac_cv_env_CPPFLAGS_value=
ac_cv_env_CPP_set=
ac_cv_env_CPP_value=
ac_cv_env_FONTCONFIG_CFLAGS_set=
ac_cv_env_FONTCONFIG_CFLAGS_value=
ac_cv_env_FONTCONFIG_LIBS_set=
ac_cv_env_FONTCONFIG_LIBS_value=
ac_cv_env_JPEG_CFLAGS_set=
ac_cv_env_JPEG_CFLAGS_value=
ac_cv_env_JPEG_LIBS_set=
ac_cv_env_JPEG_LIBS_value=
ac_cv_env_LDFLAGS_set=
ac_cv_env_LDFLAGS_value=
ac_cv_env_LIBS_set=
ac_cv_env_LIBS_value=
ac_cv_env_PKG_CONFIG_LIBDIR_set=
ac_cv_env_PKG_CONFIG_LIBDIR_value=
ac_cv_env_PKG_CONFIG_PATH_set=set
ac_cv_env_PKG_CONFIG_PATH_value=/opt/ros/kinetic/lib/pkgconfig:/opt/ros/kinetic/lib/x86_64-linux-gnu/pkgconfig:/usr/local/lib/pkgconfig:/usr/local/lib/pkgconfig
ac_cv_env_PKG_CONFIG_set=
ac_cv_env_PKG_CONFIG_value=
ac_cv_env_XCB_CFLAGS_set=
ac_cv_env_XCB_CFLAGS_value=
ac_cv_env_XCB_IMAGE_CFLAGS_set=
ac_cv_env_XCB_IMAGE_CFLAGS_value=
ac_cv_env_XCB_IMAGE_LIBS_set=
ac_cv_env_XCB_IMAGE_LIBS_value=
ac_cv_env_XCB_LIBS_set=
ac_cv_env_XCB_LIBS_value=
ac_cv_env_XCB_UTIL_CFLAGS_set=
ac_cv_env_XCB_UTIL_CFLAGS_value=
ac_cv_env_XCB_UTIL_LIBS_set=
ac_cv_env_XCB_UTIL_LIBS_value=
ac_cv_env_XCB_UTIL_XRM_CFLAGS_set=
ac_cv_env_XCB_UTIL_XRM_CFLAGS_value=
ac_cv_env_XCB_UTIL_XRM_LIBS_set=
ac_cv_env_XCB_UTIL_XRM_LIBS_value=
ac_cv_env_XKBCOMMON_CFLAGS_set=
ac_cv_env_XKBCOMMON_CFLAGS_value=
ac_cv_env_XKBCOMMON_LIBS_set=
ac_cv_env_XKBCOMMON_LIBS_value=
ac_cv_env_build_alias_set=
ac_cv_env_build_alias_value=
ac_cv_env_host_alias_set=
ac_cv_env_host_alias_value=
ac_cv_env_target_alias_set=
ac_cv_env_target_alias_value=
ac_cv_func_atexit=yes
ac_cv_func_dup2=yes
ac_cv_func_fork=yes
ac_cv_func_fork_works=yes
ac_cv_func_ftruncate=yes
ac_cv_func_getcwd=yes
ac_cv_func_gettimeofday=yes
ac_cv_func_localtime_r=yes
ac_cv_func_lstat_dereferences_slashed_symlink=yes
ac_cv_func_memchr=yes
ac_cv_func_memset=yes
ac_cv_func_mkdir=yes
ac_cv_func_rmdir=yes
ac_cv_func_setlocale=yes
ac_cv_func_socket=yes
ac_cv_func_strcasecmp=yes
ac_cv_func_strchr=yes
ac_cv_func_strdup=yes
ac_cv_func_strerror=yes
ac_cv_func_strncasecmp=yes
ac_cv_func_strndup=yes
ac_cv_func_strnlen_working=yes
ac_cv_func_strrchr=yes
ac_cv_func_strspn=yes
ac_cv_func_strstr=yes
ac_cv_func_strtol=yes
ac_cv_func_strtoul=yes
ac_cv_func_vfork=yes
ac_cv_func_vfork_works=yes
ac_cv_header_fcntl_h=yes
ac_cv_header_float_h=yes
ac_cv_header_inttypes_h=yes
ac_cv_header_limits_h=yes
ac_cv_header_locale_h=yes
ac_cv_header_memory_h=yes
ac_cv_header_minix_config_h=no
ac_cv_header_netinet_in_h=yes
ac_cv_header_paths_h=yes
ac_cv_header_stdbool_h=yes
ac_cv_header_stdc=yes
ac_cv_header_stddef_h=yes
ac_cv_header_stdint_h=yes
ac_cv_header_stdlib_h=yes
ac_cv_header_string_h=yes
ac_cv_header_strings_h=yes
ac_cv_header_sys_param_h=yes
ac_cv_header_sys_socket_h=yes
ac_cv_header_sys_stat_h=yes
ac_cv_header_sys_time_h=yes
ac_cv_header_sys_types_h=yes
ac_cv_header_unistd_h=yes
ac_cv_header_vfork_h=no
ac_cv_host=x86_64-pc-linux-gnu
ac_cv_objext=o
ac_cv_path_EGREP='/bin/grep -E'
ac_cv_path_GREP=/bin/grep
ac_cv_path_SED=/bin/sed
ac_cv_path_ac_pt_PKG_CONFIG=/usr/bin/pkg-config
ac_cv_path_ax_enable_builddir_sed=sed
ac_cv_path_install='/usr/bin/install -c'
ac_cv_path_mkdir=/bin/mkdir
ac_cv_prog_AWK=gawk
ac_cv_prog_CPP='gcc -E'
ac_cv_prog_ac_ct_AR=ar
ac_cv_prog_ac_ct_CC=gcc
ac_cv_prog_ac_ct_RANLIB=ranlib
ac_cv_prog_cc_c89=
ac_cv_prog_cc_c99=
ac_cv_prog_cc_g=yes
ac_cv_prog_make_make_set=yes
ac_cv_safe_to_define___extensions__=yes
ac_cv_search_ev_run=-lev
ac_cv_search_floor=-lm
ac_cv_search_iconv_open='none required'
ac_cv_search_pam_authenticate=-lpam
ac_cv_search_shm_open=-lrt
ac_cv_target=x86_64-pc-linux-gnu
ac_cv_type__Bool=yes
ac_cv_type_mode_t=yes
ac_cv_type_off_t=yes
ac_cv_type_pid_t=yes
ac_cv_type_size_t=yes
ac_cv_type_ssize_t=yes
am_cv_CC_dependencies_compiler_type=gcc3
am_cv_ar_interface=ar
am_cv_make_support_nested_variables=yes
am_cv_prog_cc_c_o=yes
ax_cv_check_cflags___Wunused_value=yes
ax_cv_check_cflags___fno_omit_frame_pointer=yes
ax_cv_check_cflags___fsanitize_address=yes
ax_cv_check_ldflags___fsanitize_address=yes
ax_cv_gnu_make_command=make
pkg_cv_CAIRO_CFLAGS='-I/usr/include/cairo -I/usr/include/glib-2.0 -I/usr/lib/x86_64-linux-gnu/glib-2.0/include -I/usr/include/pixman-1 -I/usr/include/freetype2 -I/usr/include/libpng12'
pkg_cv_CAIRO_LIBS=-lcairo
pkg_cv_FONTCONFIG_CFLAGS=-I/usr/include/freetype2
pkg_cv_FONTCONFIG_LIBS='-lfontconfig -lfreetype'
pkg_cv_JPEG_CFLAGS=
pkg_cv_JPEG_LIBS=-ljpeg
pkg_cv_XCB_CFLAGS=
pkg_cv_XCB_IMAGE_CFLAGS=
pkg_cv_XCB_IMAGE_LIBS='-lxcb-image -lxcb-shm -lxcb'
pkg_cv_XCB_LIBS='-lxcb-xkb -lxcb-xinerama -lxcb-randr -lxcb-composite -lxcb-xfixes -lxcb-render -lxcb-shape -lxcb'
pkg_cv_XCB_UTIL_CFLAGS=
pkg_cv_XCB_UTIL_LIBS='-lxcb-util -lxcb'
pkg_cv_XCB_UTIL_XRM_CFLAGS=
pkg_cv_XCB_UTIL_XRM_LIBS='-lxcb-xrm -lxcb'
pkg_cv_XKBCOMMON_CFLAGS=
pkg_cv_XKBCOMMON_LIBS='-lxkbcommon-x11 -lxkbcommon'

## ----------------- ##
## Output variables. ##
## ----------------- ##











	$(AM_V_at)$(MAKE) $(AM_MAKEFLAGS) code-coverage-capture
	$(code_coverage_v_genhtml)LANG=C $(GENHTML) $(code_coverage_quiet) $(addprefix --prefix ,$(CODE_COVERAGE_DIRECTORY)) --output-directory "$(CODE_COVERAGE_OUTPUT_DIRECTORY)" --title "$(PACKAGE_NAME)-$(PACKAGE_VERSION) Code Coverage" --legend --show-details "$(CODE_COVERAGE_OUTPUT_FILE)" $(CODE_COVERAGE_GENHTML_OPTIONS)
	$(code_coverage_v_lcov_cap)$(LCOV) $(code_coverage_quiet) $(addprefix --directory ,$(CODE_COVERAGE_DIRECTORY)) --capture --output-file "$(CODE_COVERAGE_OUTPUT_FILE).tmp" --test-name "$(call code_coverage_sanitize,$(PACKAGE_NAME)-$(PACKAGE_VERSION))" --no-checksum --compat-libtool $(CODE_COVERAGE_LCOV_SHOPTS) $(CODE_COVERAGE_LCOV_OPTIONS)
	$(code_coverage_v_lcov_ign)$(LCOV) $(code_coverage_quiet) $(addprefix --directory ,$(CODE_COVERAGE_DIRECTORY)) --remove "$(CODE_COVERAGE_OUTPUT_FILE).tmp" "/tmp/*" $(CODE_COVERAGE_IGNORE_PATTERN) --output-file "$(CODE_COVERAGE_OUTPUT_FILE)" $(CODE_COVERAGE_LCOV_SHOPTS) $(CODE_COVERAGE_LCOV_RMOPTS)
	-$(AM_V_at)$(MAKE) $(AM_MAKEFLAGS) -k check
	-$(LCOV) --directory $(top_builddir) -z
	-@rm -f $(CODE_COVERAGE_OUTPUT_FILE).tmp
	-find . -name "*.gcda" -o -name "*.gcov" -delete
	-rm -rf $(CODE_COVERAGE_OUTPUT_FILE) $(CODE_COVERAGE_OUTPUT_FILE).tmp $(CODE_COVERAGE_OUTPUT_DIRECTORY)
	@echo "Need to reconfigure with --enable-code-coverage"
	@echo "Need to reconfigure with --enable-code-coverage"
	@echo "file://$(abs_builddir)/$(CODE_COVERAGE_OUTPUT_DIRECTORY)/index.html"
 $(CODE_COVERAGE_IGNORE_PATTERN);
 $(CODE_COVERAGE_OUTPUT_FILE);
#
#
#    $(PACKAGE_NAME)-$(PACKAGE_VERSION)-coverage)
#    $(PACKAGE_NAME)-$(PACKAGE_VERSION)-coverage.info)
#    (Default: $(top_builddir))
#    (Default: empty)
#    Multiple directories may be specified, separated by whitespace.
#    by lcov for code coverage. (Default:
#    collecting lcov instance. (Default: $CODE_COVERAGE_LCOV_OPTIONS_GCOVPATH)
#    genhtml instance. (Default: based on $CODE_COVERAGE_BRANCH_COVERAGE)
#    instance. (Default: $CODE_COVERAGE_GENHTML_OPTIONS_DEFAULT)
#    instance. (Default: $CODE_COVERAGE_LCOV_OPTIONS_DEFAULT)
#    instance. (Default: $CODE_COVERAGE_LCOV_RMOPTS_DEFAULT)
#    instances. (Default: $CODE_COVERAGE_LCOV_SHOPTS_DEFAULT)
#    instances. (Default: based on $CODE_COVERAGE_BRANCH_COVERAGE)
#    lcov instance. (Default: empty)
#    reports to be created. (Default:
#    set to 0 to disable it and leave empty to stay with the default.
#  - CODE_COVERAGE_BRANCH_COVERAGE: Set to 1 to enforce branch coverage,
#  - CODE_COVERAGE_DIRECTORY: Top-level directory for code coverage reporting.
#  - CODE_COVERAGE_GENHTML_OPTIONS: Extra options to pass to the genhtml
#  - CODE_COVERAGE_GENHTML_OPTIONS_DEFAULT: Extra options to pass to the
#  - CODE_COVERAGE_IGNORE_PATTERN: Extra glob pattern of files to ignore
#  - CODE_COVERAGE_LCOV_OPTIONS: Extra options to pass to the collecting lcov
#  - CODE_COVERAGE_LCOV_OPTIONS_DEFAULT: Extra options to pass to the
#  - CODE_COVERAGE_LCOV_OPTIONS_GCOVPATH: --gcov-tool pathtogcov
#  - CODE_COVERAGE_LCOV_RMOPTS: Extra options to pass to the filtering lcov
#  - CODE_COVERAGE_LCOV_RMOPTS_DEFAULT: Extra options to pass to the filtering
#  - CODE_COVERAGE_LCOV_SHOPTS: Extra options to shared between both lcov
#  - CODE_COVERAGE_LCOV_SHOPTS_DEFAULT: Extra options shared between both lcov
#  - CODE_COVERAGE_OUTPUT_DIRECTORY: Directory for generated code coverage
#  - CODE_COVERAGE_OUTPUT_FILE: Filename and path for the .info file generated
# $(PACKAGE_VERSION). In order to add the current git hash to the title,
# Capture code coverage data
# Code coverage
# Hook rule executed before code-coverage-capture, overridable by the user
# Optional variables
# Optional:
# The generated report will be titled using the $(PACKAGE_NAME) and
# Use recursive makes in order to ignore errors during check
# sanitizes the test-name: replaces with underscores: dashes and dots
# use the git-version-gen script, available online.
$(if $(CODE_COVERAGE_BRANCH_COVERAGE),\
'
--rc genhtml_branch_coverage=$(CODE_COVERAGE_BRANCH_COVERAGE))
--rc lcov_branch_coverage=$(CODE_COVERAGE_BRANCH_COVERAGE))
.PHONY: check-code-coverage code-coverage-capture code-coverage-capture-hook code-coverage-clean
ACLOCAL='${SHELL} /mnt/6T/bags/i3lock-color/missing aclocal-1.15'
AMDEPBACKSLASH='\'
AMDEP_FALSE='#'
AMDEP_TRUE=''
AMTAR='$${TAR-tar}'
AM_BACKSLASH='\'
AM_CFLAGS='-O2 -funroll-loops -pthread -Wunused-value'
AM_DEFAULT_V='$(AM_DEFAULT_VERBOSITY)'
AM_DEFAULT_VERBOSITY='0'
AM_DISTCHECK_CONFIGURE_FLAGS += --disable-code-coverage
AM_DISTCHECK_CONFIGURE_FLAGS ?=
AM_V='$(V)'
AR='ar'
AUTOCONF='${SHELL} /mnt/6T/bags/i3lock-color/missing autoconf'
AUTOHEADER='${SHELL} /mnt/6T/bags/i3lock-color/missing autoheader'
AUTOMAKE='${SHELL} /mnt/6T/bags/i3lock-color/missing automake-1.15'
AWK='gawk'
AX_EXTEND_SRCDIR_CPPFLAGS='-DSTRIPPED__FILE__=\"$$(basename $<)\"'
CAIRO_CFLAGS='-I/usr/include/cairo -I/usr/include/glib-2.0 -I/usr/lib/x86_64-linux-gnu/glib-2.0/include -I/usr/include/pixman-1 -I/usr/include/freetype2 -I/usr/include/libpng12'
CAIRO_LIBS='-lcairo'
CC='gcc'
CCDEPMODE='depmode=gcc3'
CFLAGS=' -g -O0 -Wall -fsanitize=address -fno-omit-frame-pointer'
CODE_COVERAGE_BRANCH_COVERAGE ?=
CODE_COVERAGE_CFLAGS=''
CODE_COVERAGE_CPPFLAGS=''
CODE_COVERAGE_CXXFLAGS=''
CODE_COVERAGE_DIRECTORY ?= $(top_builddir)
CODE_COVERAGE_ENABLED='no'
CODE_COVERAGE_ENABLED_FALSE=''
CODE_COVERAGE_ENABLED_TRUE='#'
CODE_COVERAGE_GENHTML_OPTIONS ?= $(CODE_COVERAGE_GENHTML_OPTIONS_DEFAULTS)
CODE_COVERAGE_GENHTML_OPTIONS_DEFAULT ?=\
CODE_COVERAGE_IGNORE_PATTERN ?=
CODE_COVERAGE_LCOV_OPTIONS ?= $(CODE_COVERAGE_LCOV_OPTIONS_DEFAULT)
CODE_COVERAGE_LCOV_OPTIONS_DEFAULT ?= $(CODE_COVERAGE_LCOV_OPTIONS_GCOVPATH)
CODE_COVERAGE_LCOV_OPTIONS_GCOVPATH ?= --gcov-tool "$(GCOV)"
CODE_COVERAGE_LCOV_RMOPTS ?= $(CODE_COVERAGE_LCOV_RMOPTS_DEFAULT)
CODE_COVERAGE_LCOV_RMOPTS_DEFAULT ?=
CODE_COVERAGE_LCOV_SHOPTS ?= $(CODE_COVERAGE_LCOV_SHOPTS_DEFAULT)
CODE_COVERAGE_LCOV_SHOPTS_DEFAULT ?= $(if $(CODE_COVERAGE_BRANCH_COVERAGE),\
CODE_COVERAGE_LDFLAGS=''
CODE_COVERAGE_OUTPUT_DIRECTORY ?= $(PACKAGE_NAME)-$(PACKAGE_VERSION)-coverage
CODE_COVERAGE_OUTPUT_FILE ?= $(PACKAGE_NAME)-$(PACKAGE_VERSION)-coverage.info
CODE_COVERAGE_RULES='
CPP='gcc -E'
CPPFLAGS=''
CYGPATH_W='echo'
DEFS='-DHAVE_CONFIG_H'
DEPDIR='.deps'
ECHO_C=''
ECHO_N='-n'
ECHO_T=''
EGREP='/bin/grep -E'
EXEEXT=''
FONTCONFIG_CFLAGS='-I/usr/include/freetype2'
FONTCONFIG_LIBS='-lfontconfig -lfreetype'
GCOV=''
GENHTML=''
GITIGNOREFILES += $(CODE_COVERAGE_OUTPUT_FILE) $(CODE_COVERAGE_OUTPUT_DIRECTORY)
GITIGNOREFILES ?=
GREP='/bin/grep'
I3LOCK_VERSION='2.12.c-41-gb491b9e (2019-05-31, branch \"master\")'
INSTALL_DATA='${INSTALL} -m 644'
INSTALL_PROGRAM='${INSTALL}'
INSTALL_SCRIPT='${INSTALL}'
INSTALL_STRIP_PROGRAM='$(install_sh) -c -s'
JPEG_CFLAGS=''
JPEG_LIBS='-ljpeg'
LCOV=''
LDFLAGS=' -fsanitize=address'
LIBOBJS=''
LIBS='-lpam -lrt -lev -lm '
LN_S='ln -s'
LTLIBOBJS=''
MAINT=''
MAINTAINER_MODE_FALSE='#'
MAINTAINER_MODE_TRUE=''
MAKEINFO='${SHELL} /mnt/6T/bags/i3lock-color/missing makeinfo'
MKDIR_P='/bin/mkdir -p'
OBJEXT='o'
PACKAGE='i3lock-color'
PACKAGE_BUGREPORT='https://github.com/chrjguill/i3lock-color/issues'
PACKAGE_NAME='i3lock-color'
PACKAGE_STRING='i3lock-color 2.10'
PACKAGE_TARNAME='i3lock-color'
PACKAGE_URL=''
PACKAGE_VERSION='2.10'
PATH_SEPARATOR=':'
PKG_CONFIG='/usr/bin/pkg-config'
PKG_CONFIG_LIBDIR=''
PKG_CONFIG_PATH='/opt/ros/kinetic/lib/pkgconfig:/opt/ros/kinetic/lib/x86_64-linux-gnu/pkgconfig:/usr/local/lib/pkgconfig:/usr/local/lib/pkgconfig'
RANLIB='ranlib'
SED='/bin/sed'
SET_MAKE=''
SHELL='/bin/bash'
STRIP=''
VERSION='2.12.c'
XCB_CFLAGS=''
XCB_IMAGE_CFLAGS=''
XCB_IMAGE_LIBS='-lxcb-image -lxcb-shm -lxcb'
XCB_LIBS='-lxcb-xkb -lxcb-xinerama -lxcb-randr -lxcb-composite -lxcb-xfixes -lxcb-render -lxcb-shape -lxcb'
XCB_UTIL_CFLAGS=''
XCB_UTIL_LIBS='-lxcb-util -lxcb'
XCB_UTIL_XRM_CFLAGS=''
XCB_UTIL_XRM_LIBS='-lxcb-xrm -lxcb'
XKBCOMMON_CFLAGS=''
XKBCOMMON_LIBS='-lxkbcommon-x11 -lxkbcommon'
ac_ct_AR='ar'
ac_ct_CC='gcc'
am__EXEEXT_FALSE=''
am__EXEEXT_TRUE='#'
am__fastdepCC_FALSE='#'
am__fastdepCC_TRUE=''
am__include='include'
am__isrc=' -I$(srcdir)'
am__leading_dot='.'
am__nodep='_no'
am__quote=''
am__tar='$${TAR-tar} chof - "$$tardir"'
am__untar='$${TAR-tar} xf -'
ax_enable_builddir_sed='sed'
bindir='${exec_prefix}/bin'
build='x86_64-pc-linux-gnu'
build_alias=''
build_cpu='x86_64'
build_os='linux-gnu'
build_vendor='pc'
check-code-coverage:
clean: code-coverage-clean
code-coverage-capture-hook:
code-coverage-capture: code-coverage-capture-hook
code-coverage-clean:
code_coverage_quiet = $(code_coverage_quiet_$(V))
code_coverage_quiet_ = $(code_coverage_quiet_$(AM_DEFAULT_VERBOSITY))
code_coverage_quiet_0 = --quiet
code_coverage_sanitize = $(subst -,_,$(subst .,_,$(1)))
code_coverage_v_genhtml = $(code_coverage_v_genhtml_$(V))
code_coverage_v_genhtml_ = $(code_coverage_v_genhtml_$(AM_DEFAULT_VERBOSITY))
code_coverage_v_genhtml_0 = @echo "  GEN   " $(CODE_COVERAGE_OUTPUT_DIRECTORY);
code_coverage_v_lcov_cap = $(code_coverage_v_lcov_cap_$(V))
code_coverage_v_lcov_cap_ = $(code_coverage_v_lcov_cap_$(AM_DEFAULT_VERBOSITY))
code_coverage_v_lcov_cap_0 = @echo "  LCOV   --capture"\
code_coverage_v_lcov_ign = $(code_coverage_v_lcov_ign_$(V))
code_coverage_v_lcov_ign_ = $(code_coverage_v_lcov_ign_$(AM_DEFAULT_VERBOSITY))
code_coverage_v_lcov_ign_0 = @echo "  LCOV   --remove /tmp/*"\
datadir='${datarootdir}'
datarootdir='${prefix}/share'
docdir='${datarootdir}/doc/${PACKAGE_TARNAME}'
dvidir='${docdir}'
else
else
endif
endif
endif
exec_prefix='${prefix}'
host='x86_64-pc-linux-gnu'
host_alias=''
host_cpu='x86_64'
host_os='linux-gnu'
host_vendor='pc'
htmldir='${docdir}'
ifGNUmake=''
ifeq ($(CODE_COVERAGE_ENABLED),yes)
ifeq ($(CODE_COVERAGE_ENABLED),yes)
ifeq ($(CODE_COVERAGE_ENABLED),yes)
includedir='${prefix}/include'
infodir='${datarootdir}/info'
install_sh='${SHELL} /mnt/6T/bags/i3lock-color/install-sh'
libdir='${exec_prefix}/lib'
libexecdir='${exec_prefix}/libexec'
localedir='${datarootdir}/locale'
localstatedir='${prefix}/var'
mandir='${datarootdir}/man'
mkdir_p='$(MKDIR_P)'
oldincludedir='/usr/include'
pdfdir='${docdir}'
prefix='/usr/local'
program_transform_name='s,x,x,'
psdir='${docdir}'
runstatedir='${localstatedir}/run'
sbindir='${exec_prefix}/sbin'
sharedstatedir='${prefix}/com'
sysconfdir='${prefix}/etc'
target='x86_64-pc-linux-gnu'
target_alias=''
target_cpu='x86_64'
target_os='linux-gnu'
target_vendor='pc'

## ----------- ##
## confdefs.h. ##
## ----------- ##

/* confdefs.h */
#define PACKAGE_NAME "i3lock-color"
#define PACKAGE_TARNAME "i3lock-color"
#define PACKAGE_VERSION "2.10"
#define PACKAGE_STRING "i3lock-color 2.10"
#define PACKAGE_BUGREPORT "https://github.com/chrjguill/i3lock-color/issues"
#define PACKAGE_URL ""
#define PACKAGE "i3lock-color"
#define VERSION "2.10"
#define I3LOCK_VERSION "2.12.c-41-gb491b9e (2019-05-31, branch \"master\")"
#define STDC_HEADERS 1
#define HAVE_SYS_TYPES_H 1
#define HAVE_SYS_STAT_H 1
#define HAVE_STDLIB_H 1
#define HAVE_STRING_H 1
#define HAVE_MEMORY_H 1
#define HAVE_STRINGS_H 1
#define HAVE_INTTYPES_H 1
#define HAVE_STDINT_H 1
#define HAVE_UNISTD_H 1
#define __EXTENSIONS__ 1
#define _ALL_SOURCE 1
#define _GNU_SOURCE 1
#define _POSIX_PTHREAD_SEMANTICS 1
#define _TANDEM_SOURCE 1
#define HAVE__BOOL 1
#define HAVE_MODE_T 1
#define HAVE_OFF_T 1
#define HAVE_PID_T 1
#define HAVE_SIZE_T 1
#define HAVE_SSIZE_T 1
#define HAVE_FORK 1
#define HAVE_VFORK 1
#define HAVE_WORKING_VFORK 1
#define HAVE_WORKING_FORK 1
#define LSTAT_FOLLOWS_SLASHED_SYMLINK 1
#define HAVE_ATEXIT 1
#define HAVE_DUP2 1
#define HAVE_FTRUNCATE 1
#define HAVE_GETCWD 1
#define HAVE_GETTIMEOFDAY 1
#define HAVE_LOCALTIME_R 1
#define HAVE_MEMCHR 1
#define HAVE_MEMSET 1
#define HAVE_MKDIR 1
#define HAVE_RMDIR 1
#define HAVE_SETLOCALE 1
#define HAVE_SOCKET 1
#define HAVE_STRCASECMP 1
#define HAVE_STRCHR 1
#define HAVE_STRDUP 1
#define HAVE_STRERROR 1
#define HAVE_STRNCASECMP 1
#define HAVE_STRNDUP 1
#define HAVE_STRRCHR 1
#define HAVE_STRSPN 1
#define HAVE_STRSTR 1
#define HAVE_STRTOL 1
#define HAVE_STRTOUL 1
#define HAVE_FCNTL_H 1
#define HAVE_FLOAT_H 1
#define HAVE_INTTYPES_H 1
#define HAVE_LIMITS_H 1
#define HAVE_LOCALE_H 1
#define HAVE_NETINET_IN_H 1
#define HAVE_PATHS_H 1
#define HAVE_STDDEF_H 1
#define HAVE_STDINT_H 1
#define HAVE_STDLIB_H 1
#define HAVE_STRING_H 1
#define HAVE_SYS_PARAM_H 1
#define HAVE_SYS_SOCKET_H 1
#define HAVE_SYS_TIME_H 1
#define HAVE_UNISTD_H 1
#define I3LOCK_ASAN_ENABLED /**/

configure: exit 0

## ---------------- ##
## Cache variables. ##
## ---------------- ##

ac_cv_build=x86_64-pc-linux-gnu
ac_cv_env_CAIRO_CFLAGS_set=
ac_cv_env_CAIRO_CFLAGS_value=
ac_cv_env_CAIRO_LIBS_set=
ac_cv_env_CAIRO_LIBS_value=
ac_cv_env_CC_set=
ac_cv_env_CC_value=
ac_cv_env_CFLAGS_set=
ac_cv_env_CFLAGS_value=
ac_cv_env_CPPFLAGS_set=
ac_cv_env_CPPFLAGS_value=
ac_cv_env_CPP_set=
ac_cv_env_CPP_value=
ac_cv_env_FONTCONFIG_CFLAGS_set=
ac_cv_env_FONTCONFIG_CFLAGS_value=
ac_cv_env_FONTCONFIG_LIBS_set=
ac_cv_env_FONTCONFIG_LIBS_value=
ac_cv_env_JPEG_CFLAGS_set=
ac_cv_env_JPEG_CFLAGS_value=
ac_cv_env_JPEG_LIBS_set=
ac_cv_env_JPEG_LIBS_value=
ac_cv_env_LDFLAGS_set=
ac_cv_env_LDFLAGS_value=
ac_cv_env_LIBS_set=
ac_cv_env_LIBS_value=
ac_cv_env_PKG_CONFIG_LIBDIR_set=
ac_cv_env_PKG_CONFIG_LIBDIR_value=
ac_cv_env_PKG_CONFIG_PATH_set=set
ac_cv_env_PKG_CONFIG_PATH_value=/opt/ros/kinetic/lib/pkgconfig:/opt/ros/kinetic/lib/x86_64-linux-gnu/pkgconfig:/usr/local/lib/pkgconfig:/usr/local/lib/pkgconfig
ac_cv_env_PKG_CONFIG_set=
ac_cv_env_PKG_CONFIG_value=
ac_cv_env_XCB_CFLAGS_set=
ac_cv_env_XCB_CFLAGS_value=
ac_cv_env_XCB_IMAGE_CFLAGS_set=
ac_cv_env_XCB_IMAGE_CFLAGS_value=
ac_cv_env_XCB_IMAGE_LIBS_set=
ac_cv_env_XCB_IMAGE_LIBS_value=
ac_cv_env_XCB_LIBS_set=
ac_cv_env_XCB_LIBS_value=
ac_cv_env_XCB_UTIL_CFLAGS_set=
ac_cv_env_XCB_UTIL_CFLAGS_value=
ac_cv_env_XCB_UTIL_LIBS_set=
ac_cv_env_XCB_UTIL_LIBS_value=
ac_cv_env_XCB_UTIL_XRM_CFLAGS_set=
ac_cv_env_XCB_UTIL_XRM_CFLAGS_value=
ac_cv_env_XCB_UTIL_XRM_LIBS_set=
ac_cv_env_XCB_UTIL_XRM_LIBS_value=
ac_cv_env_XKBCOMMON_CFLAGS_set=
ac_cv_env_XKBCOMMON_CFLAGS_value=
ac_cv_env_XKBCOMMON_LIBS_set=
ac_cv_env_XKBCOMMON_LIBS_value=
ac_cv_env_build_alias_set=
ac_cv_env_build_alias_value=
ac_cv_env_host_alias_set=
ac_cv_env_host_alias_value=
ac_cv_env_target_alias_set=
ac_cv_env_target_alias_value=
ac_cv_host=x86_64-pc-linux-gnu
ac_cv_target=x86_64-pc-linux-gnu

## ----------------- ##
## Output variables. ##
## ----------------- ##

ACLOCAL=''
AMDEPBACKSLASH=''
AMDEP_FALSE=''
AMDEP_TRUE=''
AMTAR=''
AM_BACKSLASH=''
AM_CFLAGS=''
AM_DEFAULT_V=''
AM_DEFAULT_VERBOSITY=''
AM_V=''
AR=''
AUTOCONF=''
AUTOHEADER=''
AUTOMAKE=''
AWK=''
AX_EXTEND_SRCDIR_CPPFLAGS=''
CAIRO_CFLAGS=''
CAIRO_LIBS=''
CC=''
CCDEPMODE=''
CFLAGS=''
CODE_COVERAGE_CFLAGS=''
CODE_COVERAGE_CPPFLAGS=''
CODE_COVERAGE_CXXFLAGS=''
CODE_COVERAGE_ENABLED=''
CODE_COVERAGE_ENABLED_FALSE=''
CODE_COVERAGE_ENABLED_TRUE=''
CODE_COVERAGE_LDFLAGS=''
CODE_COVERAGE_RULES=''
CPP=''
CPPFLAGS=''
CYGPATH_W=''
DEFS=''
DEPDIR=''
ECHO_C=''
ECHO_N='-n'
ECHO_T=''
EGREP=''
EXEEXT=''
FONTCONFIG_CFLAGS=''
FONTCONFIG_LIBS=''
GCOV=''
GENHTML=''
GREP=''
I3LOCK_VERSION=''
INSTALL_DATA=''
INSTALL_PROGRAM=''
INSTALL_SCRIPT=''
INSTALL_STRIP_PROGRAM=''
JPEG_CFLAGS=''
JPEG_LIBS=''
LCOV=''
LDFLAGS=''
LIBOBJS=''
LIBS=''
LN_S=''
LTLIBOBJS=''
MAINT=''
MAINTAINER_MODE_FALSE=''
MAINTAINER_MODE_TRUE=''
MAKEINFO=''
MKDIR_P=''
OBJEXT=''
PACKAGE=''
PACKAGE_BUGREPORT='https://github.com/chrjguill/i3lock-color/issues'
PACKAGE_NAME='i3lock-color'
PACKAGE_STRING='i3lock-color 2.10'
PACKAGE_TARNAME='i3lock-color'
PACKAGE_URL=''
PACKAGE_VERSION='2.10'
PATH_SEPARATOR=':'
PKG_CONFIG=''
PKG_CONFIG_LIBDIR=''
PKG_CONFIG_PATH='/opt/ros/kinetic/lib/pkgconfig:/opt/ros/kinetic/lib/x86_64-linux-gnu/pkgconfig:/usr/local/lib/pkgconfig:/usr/local/lib/pkgconfig'
RANLIB=''
SED=''
SET_MAKE=''
SHELL='/bin/bash'
STRIP=''
VERSION=''
XCB_CFLAGS=''
XCB_IMAGE_CFLAGS=''
XCB_IMAGE_LIBS=''
XCB_LIBS=''
XCB_UTIL_CFLAGS=''
XCB_UTIL_LIBS=''
XCB_UTIL_XRM_CFLAGS=''
XCB_UTIL_XRM_LIBS=''
XKBCOMMON_CFLAGS=''
XKBCOMMON_LIBS=''
ac_ct_AR=''
ac_ct_CC=''
am__EXEEXT_FALSE=''
am__EXEEXT_TRUE=''
am__fastdepCC_FALSE=''
am__fastdepCC_TRUE=''
am__include=''
am__isrc=''
am__leading_dot=''
am__nodep=''
am__quote=''
am__tar=''
am__untar=''
ax_enable_builddir_sed=''
bindir='${exec_prefix}/bin'
build='x86_64-pc-linux-gnu'
build_alias=''
build_cpu='x86_64'
build_os='linux-gnu'
build_vendor='pc'
datadir='${datarootdir}'
datarootdir='${prefix}/share'
docdir='${datarootdir}/doc/${PACKAGE_TARNAME}'
dvidir='${docdir}'
exec_prefix='NONE'
host='x86_64-pc-linux-gnu'
host_alias=''
host_cpu='x86_64'
host_os='linux-gnu'
host_vendor='pc'
htmldir='${docdir}'
ifGNUmake=''
includedir='${prefix}/include'
infodir='${datarootdir}/info'
install_sh=''
libdir='${exec_prefix}/lib'
libexecdir='${exec_prefix}/libexec'
localedir='${datarootdir}/locale'
localstatedir='${prefix}/var'
mandir='${datarootdir}/man'
mkdir_p=''
oldincludedir='/usr/include'
pdfdir='${docdir}'
prefix='NONE'
program_transform_name='s,x,x,'
psdir='${docdir}'
runstatedir='${localstatedir}/run'
sbindir='${exec_prefix}/sbin'
sharedstatedir='${prefix}/com'
sysconfdir='${prefix}/etc'
target='x86_64-pc-linux-gnu'
target_alias=''
target_cpu='x86_64'
target_os='linux-gnu'
target_vendor='pc'

configure: exit 0

## ---------------------- ##
## Running config.status. ##
## ---------------------- ##

This file was extended by i3lock-color config.status 2.10, which was
generated by GNU Autoconf 2.69.  Invocation command line was

  CONFIG_FILES    = 
  CONFIG_HEADERS  = 
  CONFIG_LINKS    = 
  CONFIG_COMMANDS = 
  $ ./config.status config.h

on xingfang-Precision-Tower-5810

config.status:1095: creating config.h
config.status:1261: config.h is unchanged
